
FireFly 2.0.3

Launching 1 thread(s) with maximum bunch size 1
Using seed 1674481215 for random numbers

Promote to new prime field: F(9223372036854775783)
Scanning for factors
Time for the first black-box probe: 0.000794 s
576 function(s) will be interpolated

Scanning for factors in x1
Maximum degree of x1: 22
Potential factors in x1: 9812
Identified factors in x1: 288
Starting reconstruction of coefficients
Completed factor scan in x1 | 116 probes in total
Required prime fields: 2
Average time of the black-box probe: 0.000298 s

Scanning for factors in x2
Maximum degree of x2: 20
Potential factors in x2: 5801
Identified factors in x2: 0
Starting reconstruction of coefficients
Completed factor scan in x2 | 179 probes in total
Required prime fields: 1
Average time of the black-box probe: 0.000285 s

Scanning for factors in x3
Maximum degree of x3: 20
Potential factors in x3: 4063
Identified factors in x3: 240
Starting reconstruction of coefficients
Completed factor scan in x3 | 330 probes in total
Required prime fields: 2
Average time of the black-box probe: 0.000281 s

Scanning for factors in x4
Maximum degree of x4: 10
Potential factors in x4: 4058
Identified factors in x4: 0
Starting reconstruction of coefficients
Completed factor scan in x4 | 372 probes in total
Required prime fields: 1
Average time of the black-box probe: 0.000279 s

Scanning for factors in x5
Maximum degree of x5: 10
Potential factors in x5: 4431
Identified factors in x5: 0
Starting reconstruction of coefficients
Completed factor scan in x5 | 415 probes in total
Required prime fields: 1
Average time of the black-box probe: 0.000281 s

Scanning for factors in x6
Maximum degree of x6: 10
Potential factors in x6: 4178
Identified factors in x6: 0
Starting reconstruction of coefficients
Completed factor scan in x6 | 458 probes in total
Required prime fields: 1
Average time of the black-box probe: 0.000280 s

Scanning for factors in x7
Maximum degree of x7: 10
Potential factors in x7: 3682
Identified factors in x7: 0
Starting reconstruction of coefficients
Completed factor scan in x7 | 500 probes in total
Required prime fields: 1
Average time of the black-box probe: 0.000280 s

Scanning for factors in x8
Maximum degree of x8: 2
Potential factors in x8: 1818
Identified factors in x8: 0
Starting reconstruction of coefficients
Completed factor scan in x8 | 513 probes in total
Required prime fields: 1
Average time of the black-box probe: 0.000281 s

Completed factor scan in 4.269713 s | 513 probes in total
Average time of the black-box probe: 0.000281 s
Found 528 factors in total
Using optimized variable order: (x1, x2, x3, x4, x5, x6, x7, x8)

Scanning for a sparse shift
Maximum degree of numerator: 29 | Maximum degree of denominator: 36
Found a sparse shift after 8 scans
Shift the variable tuple (0, 0, 1, 0, 0, 0, 0, 0)
Completed scan in 5.782170 s | 1006 probes in total
Average time of the black-box probe: 0.000271 s

Proceeding with interpolation over prime field F(9223372036854775783)
