
Date: Mon Feb 27 14:57:14 2023


conditional: false
qgraf_file: /scratch/ge84fet/Wtt/1loopAmplitude/output_1loop_reduce
output_file: my_tmp/shifts
info_file_form: my_results/shifts.inc
names:
  []
minimize_graphs_by_twists: true
amputate_external_legs: false
join_external_legs: false
kinematics: ""

Read diagrams from file '/scratch/ge84fet/Wtt/1loopAmplitude/output_1loop_reduce'
Reading diagrams from file: /scratch/ge84fet/Wtt/1loopAmplitude/output_1loop_reduce
rename negative field indices
Loaded diagram 1
rename negative field indices
Loaded diagram 2
rename negative field indices
Loaded diagram 3
rename negative field indices
Loaded diagram 4
rename negative field indices
Loaded diagram 5
rename negative field indices
Loaded diagram 6
rename negative field indices
Loaded diagram 7
rename negative field indices
Loaded diagram 8
rename negative field indices
Loaded diagram 9
rename negative field indices
Loaded diagram 10
rename negative field indices
Loaded diagram 11
rename negative field indices
Loaded diagram 12
rename negative field indices
Loaded diagram 13
rename negative field indices
Loaded diagram 14
rename negative field indices
Loaded diagram 15
rename negative field indices
Loaded diagram 16
rename negative field indices
Loaded diagram 17
rename negative field indices
Loaded diagram 18
rename negative field indices
Loaded diagram 19
rename negative field indices
Loaded diagram 20
rename negative field indices
Loaded diagram 21
rename negative field indices
Loaded diagram 22
rename negative field indices
Loaded diagram 23
rename negative field indices
Loaded diagram 24
rename negative field indices
Loaded diagram 25
rename negative field indices
Loaded diagram 26
rename negative field indices
Loaded diagram 27
rename negative field indices
Loaded diagram 28
rename negative field indices
Loaded diagram 29
rename negative field indices
Loaded diagram 30
rename negative field indices
Loaded diagram 31
Diagrams loaded. Time: 0.0250884s
  preparing graphs:
  ..................................................  **************************************************
Loaded 31 diagrams.
Finding sectors and their graphs to match with diagrams:
read key 'sectormappings' in file './sectormappings/sectormappings_PL1.yaml'
Found valid sector mappings for PL1
Finding graphs of shift target sectors from integral family PL1:
Finding shift targets (with graph and canonical label):
  finding graphs: (twists on / construct minimal off)
  ..................................................  **************************************************
read key 'sectormappings' in file './sectormappings/sectormappings_PL2.yaml'
Found valid sector mappings for PL2
Finding graphs of shift target sectors from integral family PL2:
Finding shift targets (with graph and canonical label):
  finding graphs: (twists on / construct minimal off)
  ..................................................  **************************************************
read key 'sectormappings' in file './sectormappings/sectormappings_PL3.yaml'
Found valid sector mappings for PL3
Finding graphs of shift target sectors from integral family PL3:
Finding shift targets (with graph and canonical label):
  finding graphs: (twists on / construct minimal off)
  ..................................................  **************************************************
read key 'sectormappings' in file './sectormappings/sectormappings_PL4.yaml'
Found valid sector mappings for PL4
Finding graphs of shift target sectors from integral family PL4:
Finding shift targets (with graph and canonical label):
  finding graphs: (twists on / construct minimal off)
  ..................................................  **************************************************

Matching diagrams:
Analyzing diagram 07

n  no match for diagram 07

Analyzing diagram 08
n  no match for diagram 08

Analyzing diagram 09
n  no match for diagram 09

Analyzing diagram 10
n  no match for diagram 10

Analyzing diagram 11
n  no match for diagram 11

Analyzing diagram 12
n  no match for diagram 12

Analyzing diagram 13
n  no match for diagram 13

Analyzing diagram 14
n  no match for diagram 14

Analyzing diagram 15
n  no match for diagram 15

Analyzing diagram 16
n  no match for diagram 16

Analyzing diagram 01
n  no match for diagram 01

Analyzing diagram 02
n  no match for diagram 02

Analyzing diagram 03
n  no match for diagram 03

Analyzing diagram 04
n  no match for diagram 04

Analyzing diagram 05
n  no match for diagram 05

Analyzing diagram 06
n  no match for diagram 06

Analyzing diagram 24
n  no match for diagram 24

Analyzing diagram 25
n  no match for diagram 25

Analyzing diagram 26
n  no match for diagram 26

Analyzing diagram 27
n  no match for diagram 27

Analyzing diagram 28
n  no match for diagram 28

Analyzing diagram 29
n  no match for diagram 29

Analyzing diagram 17
n  no match for diagram 17

Analyzing diagram 18
n  no match for diagram 18

Analyzing diagram 19
n  no match for diagram 19

Analyzing diagram 20
n  no match for diagram 20

Analyzing diagram 21
n  no match for diagram 21

Analyzing diagram 22
n  no match for diagram 22

Analyzing diagram 23
n  no match for diagram 23

Analyzing diagram 30
n  no match for diagram 30

Analyzing diagram 31
n  no match for diagram 31

Finalizing output file my_tmp/shifts

Unmatched diagrams: 31
  07 (7)
  08 (8)
  09 (9)
  10 (10)
  11 (11)
  12 (12)
  13 (13)
  14 (14)
  15 (15)
  16 (16)
  01 (1)
  02 (2)
  03 (3)
  04 (4)
  05 (5)
  06 (6)
  24 (24)
  25 (25)
  26 (26)
  27 (27)
  28 (28)
  29 (29)
  17 (17)
  18 (18)
  19 (19)
  20 (20)
  21 (21)
  22 (22)
  23 (23)
  30 (30)
  31 (31)

Matched diagrams: 0

Sectors: 0
Determining compact recursive sector selection

This selection of sectors should be reduced for the matched diagrams:
-
  -
    - sector_selection:
        select_all: false
        select:
          []
        select_recursively:
          []
        deselect:
          []
        deselect_recursively:
          []
        deselect_independents:
          []
        deselect_graphless: false
        deselect_graphs: false
        t_restriction: [-1, -1]

Job done (total time: 0 s)
