
#
# file generated by qgraf-3.5.0
#

---
qgraf_globals:
  - "qgraf_version = qgraf-3.5.0"
  - "style='../reduze.sty';"
  - "output='diagrams_reduze.out';"
  - "model='../model';"
  - "in=qUbar[p1],qD[p2],tbar[p3],t[p4],W[p5];"
  - "out=;"
  - "loops=1;"
  - "loop_momentum=k;"
  - "options=notadpole,onshell,nosnail;"
  - "true=vsum[gs,4,4];"
  - "true=vsum[gew,1,1];"
  - "true=iprop[mct,0,0];"


#
# - external_legs / propagators: 2-element sequence
#       [ [in vertex, out vertex], feynman_rule_id: [field(s)] ]
#     a field has 6 entries:
#       [particle name, field type, commutator sign, momentum, mass, field index]
#     where the field types are: 1=incoming, 2=outgoing, 3=internal
# - vertices: 1-element sequence
#       [feynman_rule_id: [fields]
#
# - comments
#   * The momenta directions of the initial state particles are
#     incoming and the momenta of the final state particles are
#     outgoing.
#   * The momenta of the fields around a vertex are all ingoing
#     to that vertex.
#   * For a propagator, the first entry in the fields list specifies
#     the particle type and the propagator momentum along the particle
#     flow.
#   * Particle flows are directed from higher to lower field indices,
#     such that fermion chains will usually be assembled from lower
#     to higher field indices.
#   * When glueing together a vertex and a propagator at a given field
#     index, the particle names in the respective first entries of the
#     field specifications coincide.
#

---
diagram:
  name: 1
  external_legs:
    - [ [-1, 1], in-qUbar: [[qUbar, 1, -1, p1, 0, -1]] ]
    - [ [-2, 3], in-qD: [[qD, 1, -1, p2, 0, -3]] ]
    - [ [-3, 2], in-tbar: [[tbar, 1, -1, p3, mt, -5]] ]
    - [ [-4, 2], in-t: [[t, 1, -1, p4, mt, -7]] ]
    - [ [-5, 1], in-W: [[W, 1, +1, p5, mw, -9]] ]
  propagators:
    - [ [4, 1], qD_qDbar: [[qD, 3, -1, -p1-p5, 0, 1], [qDbar, 3, -1, p1+p5, 0, 2]] ]
    - [ [5, 2], g_g: [[g, 3, +1, -p3-p4, 0, 3], [g, 3, +1, p3+p4, 0, 4]] ]
    - [ [4, 3], g_g: [[g, 3, +1, -k1, 0, 5], [g, 3, +1, k1, 0, 6]] ]
    - [ [3, 5], qD_qDbar: [[qD, 3, -1, -k1+p2, 0, 7], [qDbar, 3, -1, k1-p2, 0, 8]] ]
    - [ [5, 4], qD_qDbar: [[qD, 3, -1, -k1-p1-p5, 0, 9], [qDbar, 3, -1, k1+p1+p5, 0, 10]] ]
  vertices:
    - [ W_qUbar_qD: [[W, 1, +1, p5, mw, -9], [qUbar, 1, -1, p1, 0, -1], [qD, 3, -1, -p1-p5, 0, 1]] ]
    - [ g_tbar_t: [[g, 3, +1, -p3-p4, 0, 3], [tbar, 1, -1, p3, mt, -5], [t, 1, -1, p4, mt, -7]] ]
    - [ g_qDbar_qD: [[g, 3, +1, -k1, 0, 5], [qDbar, 3, -1, k1-p2, 0, 8], [qD, 1, -1, p2, 0, -3]] ]
    - [ g_qDbar_qD: [[g, 3, +1, k1, 0, 6], [qDbar, 3, -1, p1+p5, 0, 2], [qD, 3, -1, -k1-p1-p5, 0, 9]] ]
    - [ g_qDbar_qD: [[g, 3, +1, p3+p4, 0, 4], [qDbar, 3, -1, k1+p1+p5, 0, 10], [qD, 3, -1, -k1+p2, 0, 7]] ]
  symmetry_factor: 1
  num_legs_in: 5
  num_legs_out: 0
  num_loops: 1
  num_propagators: 5
  num_vertices: 5

---
diagram:
  name: 2
  external_legs:
    - [ [-1, 1], in-qUbar: [[qUbar, 1, -1, p1, 0, -1]] ]
    - [ [-2, 3], in-qD: [[qD, 1, -1, p2, 0, -3]] ]
    - [ [-3, 2], in-tbar: [[tbar, 1, -1, p3, mt, -5]] ]
    - [ [-4, 2], in-t: [[t, 1, -1, p4, mt, -7]] ]
    - [ [-5, 1], in-W: [[W, 1, +1, p5, mw, -9]] ]
  propagators:
    - [ [4, 1], qD_qDbar: [[qD, 3, -1, -p1-p5, 0, 1], [qDbar, 3, -1, p1+p5, 0, 2]] ]
    - [ [5, 2], g_g: [[g, 3, +1, -p3-p4, 0, 3], [g, 3, +1, p3+p4, 0, 4]] ]
    - [ [3, 4], qD_qDbar: [[qD, 3, -1, k1, 0, 5], [qDbar, 3, -1, -k1, 0, 6]] ]
    - [ [5, 3], g_g: [[g, 3, +1, k1-p2, 0, 7], [g, 3, +1, -k1+p2, 0, 8]] ]
    - [ [5, 4], g_g: [[g, 3, +1, -k1-p1-p5, 0, 9], [g, 3, +1, k1+p1+p5, 0, 10]] ]
  vertices:
    - [ W_qUbar_qD: [[W, 1, +1, p5, mw, -9], [qUbar, 1, -1, p1, 0, -1], [qD, 3, -1, -p1-p5, 0, 1]] ]
    - [ g_tbar_t: [[g, 3, +1, -p3-p4, 0, 3], [tbar, 1, -1, p3, mt, -5], [t, 1, -1, p4, mt, -7]] ]
    - [ g_qDbar_qD: [[g, 3, +1, k1-p2, 0, 7], [qDbar, 3, -1, -k1, 0, 6], [qD, 1, -1, p2, 0, -3]] ]
    - [ g_qDbar_qD: [[g, 3, +1, -k1-p1-p5, 0, 9], [qDbar, 3, -1, p1+p5, 0, 2], [qD, 3, -1, k1, 0, 5]] ]
    - [ g_g_g: [[g, 3, +1, p3+p4, 0, 4], [g, 3, +1, -k1+p2, 0, 8], [g, 3, +1, k1+p1+p5, 0, 10]] ]
  symmetry_factor: 1
  num_legs_in: 5
  num_legs_out: 0
  num_loops: 1
  num_propagators: 5
  num_vertices: 5

---
diagram:
  name: 3
  external_legs:
    - [ [-1, 3], in-qUbar: [[qUbar, 1, -1, p1, 0, -1]] ]
    - [ [-2, 1], in-qD: [[qD, 1, -1, p2, 0, -3]] ]
    - [ [-3, 2], in-tbar: [[tbar, 1, -1, p3, mt, -5]] ]
    - [ [-4, 2], in-t: [[t, 1, -1, p4, mt, -7]] ]
    - [ [-5, 1], in-W: [[W, 1, +1, p5, mw, -9]] ]
  propagators:
    - [ [1, 4], qU_qUbar: [[qU, 3, -1, p2+p5, 0, 1], [qUbar, 3, -1, -p2-p5, 0, 2]] ]
    - [ [5, 2], g_g: [[g, 3, +1, -p3-p4, 0, 3], [g, 3, +1, p3+p4, 0, 4]] ]
    - [ [4, 3], g_g: [[g, 3, +1, -k1, 0, 5], [g, 3, +1, k1, 0, 6]] ]
    - [ [5, 3], qU_qUbar: [[qU, 3, -1, k1-p1, 0, 7], [qUbar, 3, -1, -k1+p1, 0, 8]] ]
    - [ [4, 5], qU_qUbar: [[qU, 3, -1, k1+p2+p5, 0, 9], [qUbar, 3, -1, -k1-p2-p5, 0, 10]] ]
  vertices:
    - [ W_qUbar_qD: [[W, 1, +1, p5, mw, -9], [qUbar, 3, -1, -p2-p5, 0, 2], [qD, 1, -1, p2, 0, -3]] ]
    - [ g_tbar_t: [[g, 3, +1, -p3-p4, 0, 3], [tbar, 1, -1, p3, mt, -5], [t, 1, -1, p4, mt, -7]] ]
    - [ g_qUbar_qU: [[g, 3, +1, -k1, 0, 5], [qUbar, 1, -1, p1, 0, -1], [qU, 3, -1, k1-p1, 0, 7]] ]
    - [ g_qUbar_qU: [[g, 3, +1, k1, 0, 6], [qUbar, 3, -1, -k1-p2-p5, 0, 10], [qU, 3, -1, p2+p5, 0, 1]] ]
    - [ g_qUbar_qU: [[g, 3, +1, p3+p4, 0, 4], [qUbar, 3, -1, -k1+p1, 0, 8], [qU, 3, -1, k1+p2+p5, 0, 9]] ]
  symmetry_factor: 1
  num_legs_in: 5
  num_legs_out: 0
  num_loops: 1
  num_propagators: 5
  num_vertices: 5

---
diagram:
  name: 4
  external_legs:
    - [ [-1, 3], in-qUbar: [[qUbar, 1, -1, p1, 0, -1]] ]
    - [ [-2, 1], in-qD: [[qD, 1, -1, p2, 0, -3]] ]
    - [ [-3, 2], in-tbar: [[tbar, 1, -1, p3, mt, -5]] ]
    - [ [-4, 2], in-t: [[t, 1, -1, p4, mt, -7]] ]
    - [ [-5, 1], in-W: [[W, 1, +1, p5, mw, -9]] ]
  propagators:
    - [ [1, 4], qU_qUbar: [[qU, 3, -1, p2+p5, 0, 1], [qUbar, 3, -1, -p2-p5, 0, 2]] ]
    - [ [5, 2], g_g: [[g, 3, +1, -p3-p4, 0, 3], [g, 3, +1, p3+p4, 0, 4]] ]
    - [ [4, 3], qU_qUbar: [[qU, 3, -1, -k1, 0, 5], [qUbar, 3, -1, k1, 0, 6]] ]
    - [ [5, 3], g_g: [[g, 3, +1, k1-p1, 0, 7], [g, 3, +1, -k1+p1, 0, 8]] ]
    - [ [5, 4], g_g: [[g, 3, +1, -k1-p2-p5, 0, 9], [g, 3, +1, k1+p2+p5, 0, 10]] ]
  vertices:
    - [ W_qUbar_qD: [[W, 1, +1, p5, mw, -9], [qUbar, 3, -1, -p2-p5, 0, 2], [qD, 1, -1, p2, 0, -3]] ]
    - [ g_tbar_t: [[g, 3, +1, -p3-p4, 0, 3], [tbar, 1, -1, p3, mt, -5], [t, 1, -1, p4, mt, -7]] ]
    - [ g_qUbar_qU: [[g, 3, +1, k1-p1, 0, 7], [qUbar, 1, -1, p1, 0, -1], [qU, 3, -1, -k1, 0, 5]] ]
    - [ g_qUbar_qU: [[g, 3, +1, -k1-p2-p5, 0, 9], [qUbar, 3, -1, k1, 0, 6], [qU, 3, -1, p2+p5, 0, 1]] ]
    - [ g_g_g: [[g, 3, +1, p3+p4, 0, 4], [g, 3, +1, -k1+p1, 0, 8], [g, 3, +1, k1+p2+p5, 0, 10]] ]
  symmetry_factor: 1
  num_legs_in: 5
  num_legs_out: 0
  num_loops: 1
  num_propagators: 5
  num_vertices: 5

---
diagram:
  name: 5
  external_legs:
    - [ [-1, 1], in-qUbar: [[qUbar, 1, -1, p1, 0, -1]] ]
    - [ [-2, 3], in-qD: [[qD, 1, -1, p2, 0, -3]] ]
    - [ [-3, 2], in-tbar: [[tbar, 1, -1, p3, mt, -5]] ]
    - [ [-4, 2], in-t: [[t, 1, -1, p4, mt, -7]] ]
    - [ [-5, 1], in-W: [[W, 1, +1, p5, mw, -9]] ]
  propagators:
    - [ [3, 1], qD_qDbar: [[qD, 3, -1, -p1-p5, 0, 1], [qDbar, 3, -1, p1+p5, 0, 2]] ]
    - [ [4, 2], g_g: [[g, 3, +1, -p3-p4, 0, 3], [g, 3, +1, p3+p4, 0, 4]] ]
    - [ [5, 3], g_g: [[g, 3, +1, p3+p4, 0, 5], [g, 3, +1, -p3-p4, 0, 6]] ]
    - [ [5, 4], g_g: [[g, 3, +1, k1-p3-p4, 0, 7], [g, 3, +1, -k1+p3+p4, 0, 8]] ]
    - [ [5, 4], g_g: [[g, 3, +1, -k1, 0, 9], [g, 3, +1, k1, 0, 10]] ]
  vertices:
    - [ W_qUbar_qD: [[W, 1, +1, p5, mw, -9], [qUbar, 1, -1, p1, 0, -1], [qD, 3, -1, -p1-p5, 0, 1]] ]
    - [ g_tbar_t: [[g, 3, +1, -p3-p4, 0, 3], [tbar, 1, -1, p3, mt, -5], [t, 1, -1, p4, mt, -7]] ]
    - [ g_qDbar_qD: [[g, 3, +1, p3+p4, 0, 5], [qDbar, 3, -1, p1+p5, 0, 2], [qD, 1, -1, p2, 0, -3]] ]
    - [ g_g_g: [[g, 3, +1, p3+p4, 0, 4], [g, 3, +1, k1-p3-p4, 0, 7], [g, 3, +1, -k1, 0, 9]] ]
    - [ g_g_g: [[g, 3, +1, -p3-p4, 0, 6], [g, 3, +1, -k1+p3+p4, 0, 8], [g, 3, +1, k1, 0, 10]] ]
  symmetry_factor: 1/2
  num_legs_in: 5
  num_legs_out: 0
  num_loops: 1
  num_propagators: 5
  num_vertices: 5

---
diagram:
  name: 6
  external_legs:
    - [ [-1, 1], in-qUbar: [[qUbar, 1, -1, p1, 0, -1]] ]
    - [ [-2, 3], in-qD: [[qD, 1, -1, p2, 0, -3]] ]
    - [ [-3, 2], in-tbar: [[tbar, 1, -1, p3, mt, -5]] ]
    - [ [-4, 2], in-t: [[t, 1, -1, p4, mt, -7]] ]
    - [ [-5, 1], in-W: [[W, 1, +1, p5, mw, -9]] ]
  propagators:
    - [ [3, 1], qD_qDbar: [[qD, 3, -1, -p1-p5, 0, 1], [qDbar, 3, -1, p1+p5, 0, 2]] ]
    - [ [4, 2], g_g: [[g, 3, +1, -p3-p4, 0, 3], [g, 3, +1, p3+p4, 0, 4]] ]
    - [ [5, 3], g_g: [[g, 3, +1, p3+p4, 0, 5], [g, 3, +1, -p3-p4, 0, 6]] ]
    - [ [5, 4], qU_qUbar: [[qU, 3, -1, k1-p3-p4, 0, 7], [qUbar, 3, -1, -k1+p3+p4, 0, 8]] ]
    - [ [4, 5], qU_qUbar: [[qU, 3, -1, k1, 0, 9], [qUbar, 3, -1, -k1, 0, 10]] ]
  vertices:
    - [ W_qUbar_qD: [[W, 1, +1, p5, mw, -9], [qUbar, 1, -1, p1, 0, -1], [qD, 3, -1, -p1-p5, 0, 1]] ]
    - [ g_tbar_t: [[g, 3, +1, -p3-p4, 0, 3], [tbar, 1, -1, p3, mt, -5], [t, 1, -1, p4, mt, -7]] ]
    - [ g_qDbar_qD: [[g, 3, +1, p3+p4, 0, 5], [qDbar, 3, -1, p1+p5, 0, 2], [qD, 1, -1, p2, 0, -3]] ]
    - [ g_qUbar_qU: [[g, 3, +1, p3+p4, 0, 4], [qUbar, 3, -1, -k1, 0, 10], [qU, 3, -1, k1-p3-p4, 0, 7]] ]
    - [ g_qUbar_qU: [[g, 3, +1, -p3-p4, 0, 6], [qUbar, 3, -1, -k1+p3+p4, 0, 8], [qU, 3, -1, k1, 0, 9]] ]
  symmetry_factor: -1
  num_legs_in: 5
  num_legs_out: 0
  num_loops: 1
  num_propagators: 5
  num_vertices: 5

---
diagram:
  name: 7
  external_legs:
    - [ [-1, 1], in-qUbar: [[qUbar, 1, -1, p1, 0, -1]] ]
    - [ [-2, 3], in-qD: [[qD, 1, -1, p2, 0, -3]] ]
    - [ [-3, 2], in-tbar: [[tbar, 1, -1, p3, mt, -5]] ]
    - [ [-4, 2], in-t: [[t, 1, -1, p4, mt, -7]] ]
    - [ [-5, 1], in-W: [[W, 1, +1, p5, mw, -9]] ]
  propagators:
    - [ [3, 1], qD_qDbar: [[qD, 3, -1, -p1-p5, 0, 1], [qDbar, 3, -1, p1+p5, 0, 2]] ]
    - [ [4, 2], g_g: [[g, 3, +1, -p3-p4, 0, 3], [g, 3, +1, p3+p4, 0, 4]] ]
    - [ [5, 3], g_g: [[g, 3, +1, p3+p4, 0, 5], [g, 3, +1, -p3-p4, 0, 6]] ]
    - [ [5, 4], qD_qDbar: [[qD, 3, -1, k1-p3-p4, 0, 7], [qDbar, 3, -1, -k1+p3+p4, 0, 8]] ]
    - [ [4, 5], qD_qDbar: [[qD, 3, -1, k1, 0, 9], [qDbar, 3, -1, -k1, 0, 10]] ]
  vertices:
    - [ W_qUbar_qD: [[W, 1, +1, p5, mw, -9], [qUbar, 1, -1, p1, 0, -1], [qD, 3, -1, -p1-p5, 0, 1]] ]
    - [ g_tbar_t: [[g, 3, +1, -p3-p4, 0, 3], [tbar, 1, -1, p3, mt, -5], [t, 1, -1, p4, mt, -7]] ]
    - [ g_qDbar_qD: [[g, 3, +1, p3+p4, 0, 5], [qDbar, 3, -1, p1+p5, 0, 2], [qD, 1, -1, p2, 0, -3]] ]
    - [ g_qDbar_qD: [[g, 3, +1, p3+p4, 0, 4], [qDbar, 3, -1, -k1, 0, 10], [qD, 3, -1, k1-p3-p4, 0, 7]] ]
    - [ g_qDbar_qD: [[g, 3, +1, -p3-p4, 0, 6], [qDbar, 3, -1, -k1+p3+p4, 0, 8], [qD, 3, -1, k1, 0, 9]] ]
  symmetry_factor: -1
  num_legs_in: 5
  num_legs_out: 0
  num_loops: 1
  num_propagators: 5
  num_vertices: 5

---
diagram:
  name: 8
  external_legs:
    - [ [-1, 1], in-qUbar: [[qUbar, 1, -1, p1, 0, -1]] ]
    - [ [-2, 3], in-qD: [[qD, 1, -1, p2, 0, -3]] ]
    - [ [-3, 2], in-tbar: [[tbar, 1, -1, p3, mt, -5]] ]
    - [ [-4, 2], in-t: [[t, 1, -1, p4, mt, -7]] ]
    - [ [-5, 1], in-W: [[W, 1, +1, p5, mw, -9]] ]
  propagators:
    - [ [3, 1], qD_qDbar: [[qD, 3, -1, -p1-p5, 0, 1], [qDbar, 3, -1, p1+p5, 0, 2]] ]
    - [ [4, 2], g_g: [[g, 3, +1, -p3-p4, 0, 3], [g, 3, +1, p3+p4, 0, 4]] ]
    - [ [5, 3], g_g: [[g, 3, +1, p3+p4, 0, 5], [g, 3, +1, -p3-p4, 0, 6]] ]
    - [ [5, 4], q_qbar: [[q, 3, -1, k1-p3-p4, 0, 7], [qbar, 3, -1, -k1+p3+p4, 0, 8]] ]
    - [ [4, 5], q_qbar: [[q, 3, -1, k1, 0, 9], [qbar, 3, -1, -k1, 0, 10]] ]
  vertices:
    - [ W_qUbar_qD: [[W, 1, +1, p5, mw, -9], [qUbar, 1, -1, p1, 0, -1], [qD, 3, -1, -p1-p5, 0, 1]] ]
    - [ g_tbar_t: [[g, 3, +1, -p3-p4, 0, 3], [tbar, 1, -1, p3, mt, -5], [t, 1, -1, p4, mt, -7]] ]
    - [ g_qDbar_qD: [[g, 3, +1, p3+p4, 0, 5], [qDbar, 3, -1, p1+p5, 0, 2], [qD, 1, -1, p2, 0, -3]] ]
    - [ g_qbar_q: [[g, 3, +1, p3+p4, 0, 4], [qbar, 3, -1, -k1, 0, 10], [q, 3, -1, k1-p3-p4, 0, 7]] ]
    - [ g_qbar_q: [[g, 3, +1, -p3-p4, 0, 6], [qbar, 3, -1, -k1+p3+p4, 0, 8], [q, 3, -1, k1, 0, 9]] ]
  symmetry_factor: -1
  num_legs_in: 5
  num_legs_out: 0
  num_loops: 1
  num_propagators: 5
  num_vertices: 5

---
diagram:
  name: 9
  external_legs:
    - [ [-1, 1], in-qUbar: [[qUbar, 1, -1, p1, 0, -1]] ]
    - [ [-2, 3], in-qD: [[qD, 1, -1, p2, 0, -3]] ]
    - [ [-3, 2], in-tbar: [[tbar, 1, -1, p3, mt, -5]] ]
    - [ [-4, 2], in-t: [[t, 1, -1, p4, mt, -7]] ]
    - [ [-5, 1], in-W: [[W, 1, +1, p5, mw, -9]] ]
  propagators:
    - [ [3, 1], qD_qDbar: [[qD, 3, -1, -p1-p5, 0, 1], [qDbar, 3, -1, p1+p5, 0, 2]] ]
    - [ [4, 2], g_g: [[g, 3, +1, -p3-p4, 0, 3], [g, 3, +1, p3+p4, 0, 4]] ]
    - [ [5, 3], g_g: [[g, 3, +1, p3+p4, 0, 5], [g, 3, +1, -p3-p4, 0, 6]] ]
    - [ [5, 4], t_tbar: [[t, 3, -1, k1-p3-p4, mt, 7], [tbar, 3, -1, -k1+p3+p4, mt, 8]] ]
    - [ [4, 5], t_tbar: [[t, 3, -1, k1, mt, 9], [tbar, 3, -1, -k1, mt, 10]] ]
  vertices:
    - [ W_qUbar_qD: [[W, 1, +1, p5, mw, -9], [qUbar, 1, -1, p1, 0, -1], [qD, 3, -1, -p1-p5, 0, 1]] ]
    - [ g_tbar_t: [[g, 3, +1, -p3-p4, 0, 3], [tbar, 1, -1, p3, mt, -5], [t, 1, -1, p4, mt, -7]] ]
    - [ g_qDbar_qD: [[g, 3, +1, p3+p4, 0, 5], [qDbar, 3, -1, p1+p5, 0, 2], [qD, 1, -1, p2, 0, -3]] ]
    - [ g_tbar_t: [[g, 3, +1, p3+p4, 0, 4], [tbar, 3, -1, -k1, mt, 10], [t, 3, -1, k1-p3-p4, mt, 7]] ]
    - [ g_tbar_t: [[g, 3, +1, -p3-p4, 0, 6], [tbar, 3, -1, -k1+p3+p4, mt, 8], [t, 3, -1, k1, mt, 9]] ]
  symmetry_factor: -1
  num_legs_in: 5
  num_legs_out: 0
  num_loops: 1
  num_propagators: 5
  num_vertices: 5

---
diagram:
  name: 10
  external_legs:
    - [ [-1, 1], in-qUbar: [[qUbar, 1, -1, p1, 0, -1]] ]
    - [ [-2, 3], in-qD: [[qD, 1, -1, p2, 0, -3]] ]
    - [ [-3, 2], in-tbar: [[tbar, 1, -1, p3, mt, -5]] ]
    - [ [-4, 2], in-t: [[t, 1, -1, p4, mt, -7]] ]
    - [ [-5, 1], in-W: [[W, 1, +1, p5, mw, -9]] ]
  propagators:
    - [ [3, 1], qD_qDbar: [[qD, 3, -1, -p1-p5, 0, 1], [qDbar, 3, -1, p1+p5, 0, 2]] ]
    - [ [4, 2], g_g: [[g, 3, +1, -p3-p4, 0, 3], [g, 3, +1, p3+p4, 0, 4]] ]
    - [ [5, 3], g_g: [[g, 3, +1, p3+p4, 0, 5], [g, 3, +1, -p3-p4, 0, 6]] ]
    - [ [5, 4], c_cbar: [[c, 3, -1, k1-p3-p4, 0, 7], [cbar, 3, -1, -k1+p3+p4, 0, 8]] ]
    - [ [4, 5], c_cbar: [[c, 3, -1, k1, 0, 9], [cbar, 3, -1, -k1, 0, 10]] ]
  vertices:
    - [ W_qUbar_qD: [[W, 1, +1, p5, mw, -9], [qUbar, 1, -1, p1, 0, -1], [qD, 3, -1, -p1-p5, 0, 1]] ]
    - [ g_tbar_t: [[g, 3, +1, -p3-p4, 0, 3], [tbar, 1, -1, p3, mt, -5], [t, 1, -1, p4, mt, -7]] ]
    - [ g_qDbar_qD: [[g, 3, +1, p3+p4, 0, 5], [qDbar, 3, -1, p1+p5, 0, 2], [qD, 1, -1, p2, 0, -3]] ]
    - [ g_cbar_c: [[g, 3, +1, p3+p4, 0, 4], [cbar, 3, -1, -k1, 0, 10], [c, 3, -1, k1-p3-p4, 0, 7]] ]
    - [ g_cbar_c: [[g, 3, +1, -p3-p4, 0, 6], [cbar, 3, -1, -k1+p3+p4, 0, 8], [c, 3, -1, k1, 0, 9]] ]
  symmetry_factor: -1
  num_legs_in: 5
  num_legs_out: 0
  num_loops: 1
  num_propagators: 5
  num_vertices: 5

---
diagram:
  name: 11
  external_legs:
    - [ [-1, 3], in-qUbar: [[qUbar, 1, -1, p1, 0, -1]] ]
    - [ [-2, 1], in-qD: [[qD, 1, -1, p2, 0, -3]] ]
    - [ [-3, 2], in-tbar: [[tbar, 1, -1, p3, mt, -5]] ]
    - [ [-4, 2], in-t: [[t, 1, -1, p4, mt, -7]] ]
    - [ [-5, 1], in-W: [[W, 1, +1, p5, mw, -9]] ]
  propagators:
    - [ [1, 3], qU_qUbar: [[qU, 3, -1, p2+p5, 0, 1], [qUbar, 3, -1, -p2-p5, 0, 2]] ]
    - [ [4, 2], g_g: [[g, 3, +1, -p3-p4, 0, 3], [g, 3, +1, p3+p4, 0, 4]] ]
    - [ [5, 3], g_g: [[g, 3, +1, p3+p4, 0, 5], [g, 3, +1, -p3-p4, 0, 6]] ]
    - [ [5, 4], g_g: [[g, 3, +1, k1-p3-p4, 0, 7], [g, 3, +1, -k1+p3+p4, 0, 8]] ]
    - [ [5, 4], g_g: [[g, 3, +1, -k1, 0, 9], [g, 3, +1, k1, 0, 10]] ]
  vertices:
    - [ W_qUbar_qD: [[W, 1, +1, p5, mw, -9], [qUbar, 3, -1, -p2-p5, 0, 2], [qD, 1, -1, p2, 0, -3]] ]
    - [ g_tbar_t: [[g, 3, +1, -p3-p4, 0, 3], [tbar, 1, -1, p3, mt, -5], [t, 1, -1, p4, mt, -7]] ]
    - [ g_qUbar_qU: [[g, 3, +1, p3+p4, 0, 5], [qUbar, 1, -1, p1, 0, -1], [qU, 3, -1, p2+p5, 0, 1]] ]
    - [ g_g_g: [[g, 3, +1, p3+p4, 0, 4], [g, 3, +1, k1-p3-p4, 0, 7], [g, 3, +1, -k1, 0, 9]] ]
    - [ g_g_g: [[g, 3, +1, -p3-p4, 0, 6], [g, 3, +1, -k1+p3+p4, 0, 8], [g, 3, +1, k1, 0, 10]] ]
  symmetry_factor: 1/2
  num_legs_in: 5
  num_legs_out: 0
  num_loops: 1
  num_propagators: 5
  num_vertices: 5

---
diagram:
  name: 12
  external_legs:
    - [ [-1, 3], in-qUbar: [[qUbar, 1, -1, p1, 0, -1]] ]
    - [ [-2, 1], in-qD: [[qD, 1, -1, p2, 0, -3]] ]
    - [ [-3, 2], in-tbar: [[tbar, 1, -1, p3, mt, -5]] ]
    - [ [-4, 2], in-t: [[t, 1, -1, p4, mt, -7]] ]
    - [ [-5, 1], in-W: [[W, 1, +1, p5, mw, -9]] ]
  propagators:
    - [ [1, 3], qU_qUbar: [[qU, 3, -1, p2+p5, 0, 1], [qUbar, 3, -1, -p2-p5, 0, 2]] ]
    - [ [4, 2], g_g: [[g, 3, +1, -p3-p4, 0, 3], [g, 3, +1, p3+p4, 0, 4]] ]
    - [ [5, 3], g_g: [[g, 3, +1, p3+p4, 0, 5], [g, 3, +1, -p3-p4, 0, 6]] ]
    - [ [5, 4], qU_qUbar: [[qU, 3, -1, k1-p3-p4, 0, 7], [qUbar, 3, -1, -k1+p3+p4, 0, 8]] ]
    - [ [4, 5], qU_qUbar: [[qU, 3, -1, k1, 0, 9], [qUbar, 3, -1, -k1, 0, 10]] ]
  vertices:
    - [ W_qUbar_qD: [[W, 1, +1, p5, mw, -9], [qUbar, 3, -1, -p2-p5, 0, 2], [qD, 1, -1, p2, 0, -3]] ]
    - [ g_tbar_t: [[g, 3, +1, -p3-p4, 0, 3], [tbar, 1, -1, p3, mt, -5], [t, 1, -1, p4, mt, -7]] ]
    - [ g_qUbar_qU: [[g, 3, +1, p3+p4, 0, 5], [qUbar, 1, -1, p1, 0, -1], [qU, 3, -1, p2+p5, 0, 1]] ]
    - [ g_qUbar_qU: [[g, 3, +1, p3+p4, 0, 4], [qUbar, 3, -1, -k1, 0, 10], [qU, 3, -1, k1-p3-p4, 0, 7]] ]
    - [ g_qUbar_qU: [[g, 3, +1, -p3-p4, 0, 6], [qUbar, 3, -1, -k1+p3+p4, 0, 8], [qU, 3, -1, k1, 0, 9]] ]
  symmetry_factor: -1
  num_legs_in: 5
  num_legs_out: 0
  num_loops: 1
  num_propagators: 5
  num_vertices: 5

---
diagram:
  name: 13
  external_legs:
    - [ [-1, 3], in-qUbar: [[qUbar, 1, -1, p1, 0, -1]] ]
    - [ [-2, 1], in-qD: [[qD, 1, -1, p2, 0, -3]] ]
    - [ [-3, 2], in-tbar: [[tbar, 1, -1, p3, mt, -5]] ]
    - [ [-4, 2], in-t: [[t, 1, -1, p4, mt, -7]] ]
    - [ [-5, 1], in-W: [[W, 1, +1, p5, mw, -9]] ]
  propagators:
    - [ [1, 3], qU_qUbar: [[qU, 3, -1, p2+p5, 0, 1], [qUbar, 3, -1, -p2-p5, 0, 2]] ]
    - [ [4, 2], g_g: [[g, 3, +1, -p3-p4, 0, 3], [g, 3, +1, p3+p4, 0, 4]] ]
    - [ [5, 3], g_g: [[g, 3, +1, p3+p4, 0, 5], [g, 3, +1, -p3-p4, 0, 6]] ]
    - [ [5, 4], qD_qDbar: [[qD, 3, -1, k1-p3-p4, 0, 7], [qDbar, 3, -1, -k1+p3+p4, 0, 8]] ]
    - [ [4, 5], qD_qDbar: [[qD, 3, -1, k1, 0, 9], [qDbar, 3, -1, -k1, 0, 10]] ]
  vertices:
    - [ W_qUbar_qD: [[W, 1, +1, p5, mw, -9], [qUbar, 3, -1, -p2-p5, 0, 2], [qD, 1, -1, p2, 0, -3]] ]
    - [ g_tbar_t: [[g, 3, +1, -p3-p4, 0, 3], [tbar, 1, -1, p3, mt, -5], [t, 1, -1, p4, mt, -7]] ]
    - [ g_qUbar_qU: [[g, 3, +1, p3+p4, 0, 5], [qUbar, 1, -1, p1, 0, -1], [qU, 3, -1, p2+p5, 0, 1]] ]
    - [ g_qDbar_qD: [[g, 3, +1, p3+p4, 0, 4], [qDbar, 3, -1, -k1, 0, 10], [qD, 3, -1, k1-p3-p4, 0, 7]] ]
    - [ g_qDbar_qD: [[g, 3, +1, -p3-p4, 0, 6], [qDbar, 3, -1, -k1+p3+p4, 0, 8], [qD, 3, -1, k1, 0, 9]] ]
  symmetry_factor: -1
  num_legs_in: 5
  num_legs_out: 0
  num_loops: 1
  num_propagators: 5
  num_vertices: 5

---
diagram:
  name: 14
  external_legs:
    - [ [-1, 3], in-qUbar: [[qUbar, 1, -1, p1, 0, -1]] ]
    - [ [-2, 1], in-qD: [[qD, 1, -1, p2, 0, -3]] ]
    - [ [-3, 2], in-tbar: [[tbar, 1, -1, p3, mt, -5]] ]
    - [ [-4, 2], in-t: [[t, 1, -1, p4, mt, -7]] ]
    - [ [-5, 1], in-W: [[W, 1, +1, p5, mw, -9]] ]
  propagators:
    - [ [1, 3], qU_qUbar: [[qU, 3, -1, p2+p5, 0, 1], [qUbar, 3, -1, -p2-p5, 0, 2]] ]
    - [ [4, 2], g_g: [[g, 3, +1, -p3-p4, 0, 3], [g, 3, +1, p3+p4, 0, 4]] ]
    - [ [5, 3], g_g: [[g, 3, +1, p3+p4, 0, 5], [g, 3, +1, -p3-p4, 0, 6]] ]
    - [ [5, 4], q_qbar: [[q, 3, -1, k1-p3-p4, 0, 7], [qbar, 3, -1, -k1+p3+p4, 0, 8]] ]
    - [ [4, 5], q_qbar: [[q, 3, -1, k1, 0, 9], [qbar, 3, -1, -k1, 0, 10]] ]
  vertices:
    - [ W_qUbar_qD: [[W, 1, +1, p5, mw, -9], [qUbar, 3, -1, -p2-p5, 0, 2], [qD, 1, -1, p2, 0, -3]] ]
    - [ g_tbar_t: [[g, 3, +1, -p3-p4, 0, 3], [tbar, 1, -1, p3, mt, -5], [t, 1, -1, p4, mt, -7]] ]
    - [ g_qUbar_qU: [[g, 3, +1, p3+p4, 0, 5], [qUbar, 1, -1, p1, 0, -1], [qU, 3, -1, p2+p5, 0, 1]] ]
    - [ g_qbar_q: [[g, 3, +1, p3+p4, 0, 4], [qbar, 3, -1, -k1, 0, 10], [q, 3, -1, k1-p3-p4, 0, 7]] ]
    - [ g_qbar_q: [[g, 3, +1, -p3-p4, 0, 6], [qbar, 3, -1, -k1+p3+p4, 0, 8], [q, 3, -1, k1, 0, 9]] ]
  symmetry_factor: -1
  num_legs_in: 5
  num_legs_out: 0
  num_loops: 1
  num_propagators: 5
  num_vertices: 5

---
diagram:
  name: 15
  external_legs:
    - [ [-1, 3], in-qUbar: [[qUbar, 1, -1, p1, 0, -1]] ]
    - [ [-2, 1], in-qD: [[qD, 1, -1, p2, 0, -3]] ]
    - [ [-3, 2], in-tbar: [[tbar, 1, -1, p3, mt, -5]] ]
    - [ [-4, 2], in-t: [[t, 1, -1, p4, mt, -7]] ]
    - [ [-5, 1], in-W: [[W, 1, +1, p5, mw, -9]] ]
  propagators:
    - [ [1, 3], qU_qUbar: [[qU, 3, -1, p2+p5, 0, 1], [qUbar, 3, -1, -p2-p5, 0, 2]] ]
    - [ [4, 2], g_g: [[g, 3, +1, -p3-p4, 0, 3], [g, 3, +1, p3+p4, 0, 4]] ]
    - [ [5, 3], g_g: [[g, 3, +1, p3+p4, 0, 5], [g, 3, +1, -p3-p4, 0, 6]] ]
    - [ [5, 4], t_tbar: [[t, 3, -1, k1-p3-p4, mt, 7], [tbar, 3, -1, -k1+p3+p4, mt, 8]] ]
    - [ [4, 5], t_tbar: [[t, 3, -1, k1, mt, 9], [tbar, 3, -1, -k1, mt, 10]] ]
  vertices:
    - [ W_qUbar_qD: [[W, 1, +1, p5, mw, -9], [qUbar, 3, -1, -p2-p5, 0, 2], [qD, 1, -1, p2, 0, -3]] ]
    - [ g_tbar_t: [[g, 3, +1, -p3-p4, 0, 3], [tbar, 1, -1, p3, mt, -5], [t, 1, -1, p4, mt, -7]] ]
    - [ g_qUbar_qU: [[g, 3, +1, p3+p4, 0, 5], [qUbar, 1, -1, p1, 0, -1], [qU, 3, -1, p2+p5, 0, 1]] ]
    - [ g_tbar_t: [[g, 3, +1, p3+p4, 0, 4], [tbar, 3, -1, -k1, mt, 10], [t, 3, -1, k1-p3-p4, mt, 7]] ]
    - [ g_tbar_t: [[g, 3, +1, -p3-p4, 0, 6], [tbar, 3, -1, -k1+p3+p4, mt, 8], [t, 3, -1, k1, mt, 9]] ]
  symmetry_factor: -1
  num_legs_in: 5
  num_legs_out: 0
  num_loops: 1
  num_propagators: 5
  num_vertices: 5

---
diagram:
  name: 16
  external_legs:
    - [ [-1, 3], in-qUbar: [[qUbar, 1, -1, p1, 0, -1]] ]
    - [ [-2, 1], in-qD: [[qD, 1, -1, p2, 0, -3]] ]
    - [ [-3, 2], in-tbar: [[tbar, 1, -1, p3, mt, -5]] ]
    - [ [-4, 2], in-t: [[t, 1, -1, p4, mt, -7]] ]
    - [ [-5, 1], in-W: [[W, 1, +1, p5, mw, -9]] ]
  propagators:
    - [ [1, 3], qU_qUbar: [[qU, 3, -1, p2+p5, 0, 1], [qUbar, 3, -1, -p2-p5, 0, 2]] ]
    - [ [4, 2], g_g: [[g, 3, +1, -p3-p4, 0, 3], [g, 3, +1, p3+p4, 0, 4]] ]
    - [ [5, 3], g_g: [[g, 3, +1, p3+p4, 0, 5], [g, 3, +1, -p3-p4, 0, 6]] ]
    - [ [5, 4], c_cbar: [[c, 3, -1, k1-p3-p4, 0, 7], [cbar, 3, -1, -k1+p3+p4, 0, 8]] ]
    - [ [4, 5], c_cbar: [[c, 3, -1, k1, 0, 9], [cbar, 3, -1, -k1, 0, 10]] ]
  vertices:
    - [ W_qUbar_qD: [[W, 1, +1, p5, mw, -9], [qUbar, 3, -1, -p2-p5, 0, 2], [qD, 1, -1, p2, 0, -3]] ]
    - [ g_tbar_t: [[g, 3, +1, -p3-p4, 0, 3], [tbar, 1, -1, p3, mt, -5], [t, 1, -1, p4, mt, -7]] ]
    - [ g_qUbar_qU: [[g, 3, +1, p3+p4, 0, 5], [qUbar, 1, -1, p1, 0, -1], [qU, 3, -1, p2+p5, 0, 1]] ]
    - [ g_cbar_c: [[g, 3, +1, p3+p4, 0, 4], [cbar, 3, -1, -k1, 0, 10], [c, 3, -1, k1-p3-p4, 0, 7]] ]
    - [ g_cbar_c: [[g, 3, +1, -p3-p4, 0, 6], [cbar, 3, -1, -k1+p3+p4, 0, 8], [c, 3, -1, k1, 0, 9]] ]
  symmetry_factor: -1
  num_legs_in: 5
  num_legs_out: 0
  num_loops: 1
  num_propagators: 5
  num_vertices: 5

---
diagram:
  name: 17
  external_legs:
    - [ [-1, 2], in-qUbar: [[qUbar, 1, -1, p1, 0, -1]] ]
    - [ [-2, 3], in-qD: [[qD, 1, -1, p2, 0, -3]] ]
    - [ [-3, 1], in-tbar: [[tbar, 1, -1, p3, mt, -5]] ]
    - [ [-4, 1], in-t: [[t, 1, -1, p4, mt, -7]] ]
    - [ [-5, 2], in-W: [[W, 1, +1, p5, mw, -9]] ]
  propagators:
    - [ [3, 1], g_g: [[g, 3, +1, -p3-p4, 0, 1], [g, 3, +1, p3+p4, 0, 2]] ]
    - [ [4, 2], qD_qDbar: [[qD, 3, -1, -p1-p5, 0, 3], [qDbar, 3, -1, p1+p5, 0, 4]] ]
    - [ [3, 5], qD_qDbar: [[qD, 3, -1, -p1-p5, 0, 5], [qDbar, 3, -1, p1+p5, 0, 6]] ]
    - [ [5, 4], g_g: [[g, 3, +1, k1-p1-p5, 0, 7], [g, 3, +1, -k1+p1+p5, 0, 8]] ]
    - [ [5, 4], qD_qDbar: [[qD, 3, -1, -k1, 0, 9], [qDbar, 3, -1, k1, 0, 10]] ]
  vertices:
    - [ g_tbar_t: [[g, 3, +1, -p3-p4, 0, 1], [tbar, 1, -1, p3, mt, -5], [t, 1, -1, p4, mt, -7]] ]
    - [ W_qUbar_qD: [[W, 1, +1, p5, mw, -9], [qUbar, 1, -1, p1, 0, -1], [qD, 3, -1, -p1-p5, 0, 3]] ]
    - [ g_qDbar_qD: [[g, 3, +1, p3+p4, 0, 2], [qDbar, 3, -1, p1+p5, 0, 6], [qD, 1, -1, p2, 0, -3]] ]
    - [ g_qDbar_qD: [[g, 3, +1, k1-p1-p5, 0, 7], [qDbar, 3, -1, p1+p5, 0, 4], [qD, 3, -1, -k1, 0, 9]] ]
    - [ g_qDbar_qD: [[g, 3, +1, -k1+p1+p5, 0, 8], [qDbar, 3, -1, k1, 0, 10], [qD, 3, -1, -p1-p5, 0, 5]] ]
  symmetry_factor: 1
  num_legs_in: 5
  num_legs_out: 0
  num_loops: 1
  num_propagators: 5
  num_vertices: 5

---
diagram:
  name: 18
  external_legs:
    - [ [-1, 3], in-qUbar: [[qUbar, 1, -1, p1, 0, -1]] ]
    - [ [-2, 2], in-qD: [[qD, 1, -1, p2, 0, -3]] ]
    - [ [-3, 1], in-tbar: [[tbar, 1, -1, p3, mt, -5]] ]
    - [ [-4, 1], in-t: [[t, 1, -1, p4, mt, -7]] ]
    - [ [-5, 2], in-W: [[W, 1, +1, p5, mw, -9]] ]
  propagators:
    - [ [3, 1], g_g: [[g, 3, +1, -p3-p4, 0, 1], [g, 3, +1, p3+p4, 0, 2]] ]
    - [ [2, 4], qU_qUbar: [[qU, 3, -1, p2+p5, 0, 3], [qUbar, 3, -1, -p2-p5, 0, 4]] ]
    - [ [5, 3], qU_qUbar: [[qU, 3, -1, p2+p5, 0, 5], [qUbar, 3, -1, -p2-p5, 0, 6]] ]
    - [ [5, 4], g_g: [[g, 3, +1, k1-p2-p5, 0, 7], [g, 3, +1, -k1+p2+p5, 0, 8]] ]
    - [ [4, 5], qU_qUbar: [[qU, 3, -1, k1, 0, 9], [qUbar, 3, -1, -k1, 0, 10]] ]
  vertices:
    - [ g_tbar_t: [[g, 3, +1, -p3-p4, 0, 1], [tbar, 1, -1, p3, mt, -5], [t, 1, -1, p4, mt, -7]] ]
    - [ W_qUbar_qD: [[W, 1, +1, p5, mw, -9], [qUbar, 3, -1, -p2-p5, 0, 4], [qD, 1, -1, p2, 0, -3]] ]
    - [ g_qUbar_qU: [[g, 3, +1, p3+p4, 0, 2], [qUbar, 1, -1, p1, 0, -1], [qU, 3, -1, p2+p5, 0, 5]] ]
    - [ g_qUbar_qU: [[g, 3, +1, k1-p2-p5, 0, 7], [qUbar, 3, -1, -k1, 0, 10], [qU, 3, -1, p2+p5, 0, 3]] ]
    - [ g_qUbar_qU: [[g, 3, +1, -k1+p2+p5, 0, 8], [qUbar, 3, -1, -p2-p5, 0, 6], [qU, 3, -1, k1, 0, 9]] ]
  symmetry_factor: 1
  num_legs_in: 5
  num_legs_out: 0
  num_loops: 1
  num_propagators: 5
  num_vertices: 5

---
diagram:
  name: 19
  external_legs:
    - [ [-1, 1], in-qUbar: [[qUbar, 1, -1, p1, 0, -1]] ]
    - [ [-2, 3], in-qD: [[qD, 1, -1, p2, 0, -3]] ]
    - [ [-3, 2], in-tbar: [[tbar, 1, -1, p3, mt, -5]] ]
    - [ [-4, 4], in-t: [[t, 1, -1, p4, mt, -7]] ]
    - [ [-5, 1], in-W: [[W, 1, +1, p5, mw, -9]] ]
  propagators:
    - [ [5, 1], qD_qDbar: [[qD, 3, -1, -p1-p5, 0, 1], [qDbar, 3, -1, p1+p5, 0, 2]] ]
    - [ [3, 2], g_g: [[g, 3, +1, -k1, 0, 3], [g, 3, +1, k1, 0, 4]] ]
    - [ [4, 2], t_tbar: [[t, 3, -1, k1-p3, mt, 5], [tbar, 3, -1, -k1+p3, mt, 6]] ]
    - [ [3, 5], qD_qDbar: [[qD, 3, -1, k1+p2, 0, 7], [qDbar, 3, -1, -k1-p2, 0, 8]] ]
    - [ [5, 4], g_g: [[g, 3, +1, k1-p3-p4, 0, 9], [g, 3, +1, -k1+p3+p4, 0, 10]] ]
  vertices:
    - [ W_qUbar_qD: [[W, 1, +1, p5, mw, -9], [qUbar, 1, -1, p1, 0, -1], [qD, 3, -1, -p1-p5, 0, 1]] ]
    - [ g_tbar_t: [[g, 3, +1, -k1, 0, 3], [tbar, 1, -1, p3, mt, -5], [t, 3, -1, k1-p3, mt, 5]] ]
    - [ g_qDbar_qD: [[g, 3, +1, k1, 0, 4], [qDbar, 3, -1, -k1-p2, 0, 8], [qD, 1, -1, p2, 0, -3]] ]
    - [ g_tbar_t: [[g, 3, +1, k1-p3-p4, 0, 9], [tbar, 3, -1, -k1+p3, mt, 6], [t, 1, -1, p4, mt, -7]] ]
    - [ g_qDbar_qD: [[g, 3, +1, -k1+p3+p4, 0, 10], [qDbar, 3, -1, p1+p5, 0, 2], [qD, 3, -1, k1+p2, 0, 7]] ]
  symmetry_factor: 1
  num_legs_in: 5
  num_legs_out: 0
  num_loops: 1
  num_propagators: 5
  num_vertices: 5

---
diagram:
  name: 20
  external_legs:
    - [ [-1, 1], in-qUbar: [[qUbar, 1, -1, p1, 0, -1]] ]
    - [ [-2, 3], in-qD: [[qD, 1, -1, p2, 0, -3]] ]
    - [ [-3, 4], in-tbar: [[tbar, 1, -1, p3, mt, -5]] ]
    - [ [-4, 2], in-t: [[t, 1, -1, p4, mt, -7]] ]
    - [ [-5, 1], in-W: [[W, 1, +1, p5, mw, -9]] ]
  propagators:
    - [ [5, 1], qD_qDbar: [[qD, 3, -1, -p1-p5, 0, 1], [qDbar, 3, -1, p1+p5, 0, 2]] ]
    - [ [3, 2], g_g: [[g, 3, +1, -k1, 0, 3], [g, 3, +1, k1, 0, 4]] ]
    - [ [2, 4], t_tbar: [[t, 3, -1, -k1+p4, mt, 5], [tbar, 3, -1, k1-p4, mt, 6]] ]
    - [ [3, 5], qD_qDbar: [[qD, 3, -1, k1+p2, 0, 7], [qDbar, 3, -1, -k1-p2, 0, 8]] ]
    - [ [5, 4], g_g: [[g, 3, +1, k1-p3-p4, 0, 9], [g, 3, +1, -k1+p3+p4, 0, 10]] ]
  vertices:
    - [ W_qUbar_qD: [[W, 1, +1, p5, mw, -9], [qUbar, 1, -1, p1, 0, -1], [qD, 3, -1, -p1-p5, 0, 1]] ]
    - [ g_tbar_t: [[g, 3, +1, -k1, 0, 3], [tbar, 3, -1, k1-p4, mt, 6], [t, 1, -1, p4, mt, -7]] ]
    - [ g_qDbar_qD: [[g, 3, +1, k1, 0, 4], [qDbar, 3, -1, -k1-p2, 0, 8], [qD, 1, -1, p2, 0, -3]] ]
    - [ g_tbar_t: [[g, 3, +1, k1-p3-p4, 0, 9], [tbar, 1, -1, p3, mt, -5], [t, 3, -1, -k1+p4, mt, 5]] ]
    - [ g_qDbar_qD: [[g, 3, +1, -k1+p3+p4, 0, 10], [qDbar, 3, -1, p1+p5, 0, 2], [qD, 3, -1, k1+p2, 0, 7]] ]
  symmetry_factor: 1
  num_legs_in: 5
  num_legs_out: 0
  num_loops: 1
  num_propagators: 5
  num_vertices: 5

---
diagram:
  name: 21
  external_legs:
    - [ [-1, 3], in-qUbar: [[qUbar, 1, -1, p1, 0, -1]] ]
    - [ [-2, 1], in-qD: [[qD, 1, -1, p2, 0, -3]] ]
    - [ [-3, 2], in-tbar: [[tbar, 1, -1, p3, mt, -5]] ]
    - [ [-4, 4], in-t: [[t, 1, -1, p4, mt, -7]] ]
    - [ [-5, 1], in-W: [[W, 1, +1, p5, mw, -9]] ]
  propagators:
    - [ [1, 5], qU_qUbar: [[qU, 3, -1, p2+p5, 0, 1], [qUbar, 3, -1, -p2-p5, 0, 2]] ]
    - [ [3, 2], g_g: [[g, 3, +1, -k1, 0, 3], [g, 3, +1, k1, 0, 4]] ]
    - [ [4, 2], t_tbar: [[t, 3, -1, k1-p3, mt, 5], [tbar, 3, -1, -k1+p3, mt, 6]] ]
    - [ [5, 3], qU_qUbar: [[qU, 3, -1, -k1-p1, 0, 7], [qUbar, 3, -1, k1+p1, 0, 8]] ]
    - [ [5, 4], g_g: [[g, 3, +1, k1-p3-p4, 0, 9], [g, 3, +1, -k1+p3+p4, 0, 10]] ]
  vertices:
    - [ W_qUbar_qD: [[W, 1, +1, p5, mw, -9], [qUbar, 3, -1, -p2-p5, 0, 2], [qD, 1, -1, p2, 0, -3]] ]
    - [ g_tbar_t: [[g, 3, +1, -k1, 0, 3], [tbar, 1, -1, p3, mt, -5], [t, 3, -1, k1-p3, mt, 5]] ]
    - [ g_qUbar_qU: [[g, 3, +1, k1, 0, 4], [qUbar, 1, -1, p1, 0, -1], [qU, 3, -1, -k1-p1, 0, 7]] ]
    - [ g_tbar_t: [[g, 3, +1, k1-p3-p4, 0, 9], [tbar, 3, -1, -k1+p3, mt, 6], [t, 1, -1, p4, mt, -7]] ]
    - [ g_qUbar_qU: [[g, 3, +1, -k1+p3+p4, 0, 10], [qUbar, 3, -1, k1+p1, 0, 8], [qU, 3, -1, p2+p5, 0, 1]] ]
  symmetry_factor: 1
  num_legs_in: 5
  num_legs_out: 0
  num_loops: 1
  num_propagators: 5
  num_vertices: 5

---
diagram:
  name: 22
  external_legs:
    - [ [-1, 3], in-qUbar: [[qUbar, 1, -1, p1, 0, -1]] ]
    - [ [-2, 1], in-qD: [[qD, 1, -1, p2, 0, -3]] ]
    - [ [-3, 4], in-tbar: [[tbar, 1, -1, p3, mt, -5]] ]
    - [ [-4, 2], in-t: [[t, 1, -1, p4, mt, -7]] ]
    - [ [-5, 1], in-W: [[W, 1, +1, p5, mw, -9]] ]
  propagators:
    - [ [1, 5], qU_qUbar: [[qU, 3, -1, p2+p5, 0, 1], [qUbar, 3, -1, -p2-p5, 0, 2]] ]
    - [ [3, 2], g_g: [[g, 3, +1, -k1, 0, 3], [g, 3, +1, k1, 0, 4]] ]
    - [ [2, 4], t_tbar: [[t, 3, -1, -k1+p4, mt, 5], [tbar, 3, -1, k1-p4, mt, 6]] ]
    - [ [5, 3], qU_qUbar: [[qU, 3, -1, -k1-p1, 0, 7], [qUbar, 3, -1, k1+p1, 0, 8]] ]
    - [ [5, 4], g_g: [[g, 3, +1, k1-p3-p4, 0, 9], [g, 3, +1, -k1+p3+p4, 0, 10]] ]
  vertices:
    - [ W_qUbar_qD: [[W, 1, +1, p5, mw, -9], [qUbar, 3, -1, -p2-p5, 0, 2], [qD, 1, -1, p2, 0, -3]] ]
    - [ g_tbar_t: [[g, 3, +1, -k1, 0, 3], [tbar, 3, -1, k1-p4, mt, 6], [t, 1, -1, p4, mt, -7]] ]
    - [ g_qUbar_qU: [[g, 3, +1, k1, 0, 4], [qUbar, 1, -1, p1, 0, -1], [qU, 3, -1, -k1-p1, 0, 7]] ]
    - [ g_tbar_t: [[g, 3, +1, k1-p3-p4, 0, 9], [tbar, 1, -1, p3, mt, -5], [t, 3, -1, -k1+p4, mt, 5]] ]
    - [ g_qUbar_qU: [[g, 3, +1, -k1+p3+p4, 0, 10], [qUbar, 3, -1, k1+p1, 0, 8], [qU, 3, -1, p2+p5, 0, 1]] ]
  symmetry_factor: 1
  num_legs_in: 5
  num_legs_out: 0
  num_loops: 1
  num_propagators: 5
  num_vertices: 5

---
diagram:
  name: 23
  external_legs:
    - [ [-1, 2], in-qUbar: [[qUbar, 1, -1, p1, 0, -1]] ]
    - [ [-2, 3], in-qD: [[qD, 1, -1, p2, 0, -3]] ]
    - [ [-3, 1], in-tbar: [[tbar, 1, -1, p3, mt, -5]] ]
    - [ [-4, 1], in-t: [[t, 1, -1, p4, mt, -7]] ]
    - [ [-5, 4], in-W: [[W, 1, +1, p5, mw, -9]] ]
  propagators:
    - [ [5, 1], g_g: [[g, 3, +1, -p3-p4, 0, 1], [g, 3, +1, p3+p4, 0, 2]] ]
    - [ [3, 2], g_g: [[g, 3, +1, -k1, 0, 3], [g, 3, +1, k1, 0, 4]] ]
    - [ [4, 2], qU_qUbar: [[qU, 3, -1, k1-p1, 0, 5], [qUbar, 3, -1, -k1+p1, 0, 6]] ]
    - [ [3, 5], qD_qDbar: [[qD, 3, -1, k1+p2, 0, 7], [qDbar, 3, -1, -k1-p2, 0, 8]] ]
    - [ [5, 4], qD_qDbar: [[qD, 3, -1, k1-p1-p5, 0, 9], [qDbar, 3, -1, -k1+p1+p5, 0, 10]] ]
  vertices:
    - [ g_tbar_t: [[g, 3, +1, -p3-p4, 0, 1], [tbar, 1, -1, p3, mt, -5], [t, 1, -1, p4, mt, -7]] ]
    - [ g_qUbar_qU: [[g, 3, +1, -k1, 0, 3], [qUbar, 1, -1, p1, 0, -1], [qU, 3, -1, k1-p1, 0, 5]] ]
    - [ g_qDbar_qD: [[g, 3, +1, k1, 0, 4], [qDbar, 3, -1, -k1-p2, 0, 8], [qD, 1, -1, p2, 0, -3]] ]
    - [ W_qUbar_qD: [[W, 1, +1, p5, mw, -9], [qUbar, 3, -1, -k1+p1, 0, 6], [qD, 3, -1, k1-p1-p5, 0, 9]] ]
    - [ g_qDbar_qD: [[g, 3, +1, p3+p4, 0, 2], [qDbar, 3, -1, -k1+p1+p5, 0, 10], [qD, 3, -1, k1+p2, 0, 7]] ]
  symmetry_factor: 1
  num_legs_in: 5
  num_legs_out: 0
  num_loops: 1
  num_propagators: 5
  num_vertices: 5

---
diagram:
  name: 24
  external_legs:
    - [ [-1, 3], in-qUbar: [[qUbar, 1, -1, p1, 0, -1]] ]
    - [ [-2, 2], in-qD: [[qD, 1, -1, p2, 0, -3]] ]
    - [ [-3, 1], in-tbar: [[tbar, 1, -1, p3, mt, -5]] ]
    - [ [-4, 1], in-t: [[t, 1, -1, p4, mt, -7]] ]
    - [ [-5, 4], in-W: [[W, 1, +1, p5, mw, -9]] ]
  propagators:
    - [ [5, 1], g_g: [[g, 3, +1, -p3-p4, 0, 1], [g, 3, +1, p3+p4, 0, 2]] ]
    - [ [3, 2], g_g: [[g, 3, +1, -k1, 0, 3], [g, 3, +1, k1, 0, 4]] ]
    - [ [2, 4], qD_qDbar: [[qD, 3, -1, -k1+p2, 0, 5], [qDbar, 3, -1, k1-p2, 0, 6]] ]
    - [ [5, 3], qU_qUbar: [[qU, 3, -1, -k1-p1, 0, 7], [qUbar, 3, -1, k1+p1, 0, 8]] ]
    - [ [4, 5], qU_qUbar: [[qU, 3, -1, -k1+p2+p5, 0, 9], [qUbar, 3, -1, k1-p2-p5, 0, 10]] ]
  vertices:
    - [ g_tbar_t: [[g, 3, +1, -p3-p4, 0, 1], [tbar, 1, -1, p3, mt, -5], [t, 1, -1, p4, mt, -7]] ]
    - [ g_qDbar_qD: [[g, 3, +1, -k1, 0, 3], [qDbar, 3, -1, k1-p2, 0, 6], [qD, 1, -1, p2, 0, -3]] ]
    - [ g_qUbar_qU: [[g, 3, +1, k1, 0, 4], [qUbar, 1, -1, p1, 0, -1], [qU, 3, -1, -k1-p1, 0, 7]] ]
    - [ W_qUbar_qD: [[W, 1, +1, p5, mw, -9], [qUbar, 3, -1, k1-p2-p5, 0, 10], [qD, 3, -1, -k1+p2, 0, 5]] ]
    - [ g_qUbar_qU: [[g, 3, +1, p3+p4, 0, 2], [qUbar, 3, -1, k1+p1, 0, 8], [qU, 3, -1, -k1+p2+p5, 0, 9]] ]
  symmetry_factor: 1
  num_legs_in: 5
  num_legs_out: 0
  num_loops: 1
  num_propagators: 5
  num_vertices: 5

---
diagram:
  name: 25
  external_legs:
    - [ [-1, 3], in-qUbar: [[qUbar, 1, -1, p1, 0, -1]] ]
    - [ [-2, 4], in-qD: [[qD, 1, -1, p2, 0, -3]] ]
    - [ [-3, 1], in-tbar: [[tbar, 1, -1, p3, mt, -5]] ]
    - [ [-4, 1], in-t: [[t, 1, -1, p4, mt, -7]] ]
    - [ [-5, 2], in-W: [[W, 1, +1, p5, mw, -9]] ]
  propagators:
    - [ [5, 1], g_g: [[g, 3, +1, -p3-p4, 0, 1], [g, 3, +1, p3+p4, 0, 2]] ]
    - [ [2, 3], qU_qUbar: [[qU, 3, -1, k1, 0, 3], [qUbar, 3, -1, -k1, 0, 4]] ]
    - [ [4, 2], qD_qDbar: [[qD, 3, -1, k1-p5, 0, 5], [qDbar, 3, -1, -k1+p5, 0, 6]] ]
    - [ [5, 3], g_g: [[g, 3, +1, -k1-p1, 0, 7], [g, 3, +1, k1+p1, 0, 8]] ]
    - [ [5, 4], g_g: [[g, 3, +1, k1-p2-p5, 0, 9], [g, 3, +1, -k1+p2+p5, 0, 10]] ]
  vertices:
    - [ g_tbar_t: [[g, 3, +1, -p3-p4, 0, 1], [tbar, 1, -1, p3, mt, -5], [t, 1, -1, p4, mt, -7]] ]
    - [ W_qUbar_qD: [[W, 1, +1, p5, mw, -9], [qUbar, 3, -1, -k1, 0, 4], [qD, 3, -1, k1-p5, 0, 5]] ]
    - [ g_qUbar_qU: [[g, 3, +1, -k1-p1, 0, 7], [qUbar, 1, -1, p1, 0, -1], [qU, 3, -1, k1, 0, 3]] ]
    - [ g_qDbar_qD: [[g, 3, +1, k1-p2-p5, 0, 9], [qDbar, 3, -1, -k1+p5, 0, 6], [qD, 1, -1, p2, 0, -3]] ]
    - [ g_g_g: [[g, 3, +1, p3+p4, 0, 2], [g, 3, +1, k1+p1, 0, 8], [g, 3, +1, -k1+p2+p5, 0, 10]] ]
  symmetry_factor: 1
  num_legs_in: 5
  num_legs_out: 0
  num_loops: 1
  num_propagators: 5
  num_vertices: 5

---
diagram:
  name: 26
  external_legs:
    - [ [-1, 1], in-qUbar: [[qUbar, 1, -1, p1, 0, -1]] ]
    - [ [-2, 2], in-qD: [[qD, 1, -1, p2, 0, -3]] ]
    - [ [-3, 3], in-tbar: [[tbar, 1, -1, p3, mt, -5]] ]
    - [ [-4, 4], in-t: [[t, 1, -1, p4, mt, -7]] ]
    - [ [-5, 1], in-W: [[W, 1, +1, p5, mw, -9]] ]
  propagators:
    - [ [2, 1], qD_qDbar: [[qD, 3, -1, -p1-p5, 0, 1], [qDbar, 3, -1, p1+p5, 0, 2]] ]
    - [ [5, 2], g_g: [[g, 3, +1, p3+p4, 0, 3], [g, 3, +1, -p3-p4, 0, 4]] ]
    - [ [4, 3], g_g: [[g, 3, +1, -k1, 0, 5], [g, 3, +1, k1, 0, 6]] ]
    - [ [5, 3], t_tbar: [[t, 3, -1, k1-p3, mt, 7], [tbar, 3, -1, -k1+p3, mt, 8]] ]
    - [ [4, 5], t_tbar: [[t, 3, -1, k1+p4, mt, 9], [tbar, 3, -1, -k1-p4, mt, 10]] ]
  vertices:
    - [ W_qUbar_qD: [[W, 1, +1, p5, mw, -9], [qUbar, 1, -1, p1, 0, -1], [qD, 3, -1, -p1-p5, 0, 1]] ]
    - [ g_qDbar_qD: [[g, 3, +1, p3+p4, 0, 3], [qDbar, 3, -1, p1+p5, 0, 2], [qD, 1, -1, p2, 0, -3]] ]
    - [ g_tbar_t: [[g, 3, +1, -k1, 0, 5], [tbar, 1, -1, p3, mt, -5], [t, 3, -1, k1-p3, mt, 7]] ]
    - [ g_tbar_t: [[g, 3, +1, k1, 0, 6], [tbar, 3, -1, -k1-p4, mt, 10], [t, 1, -1, p4, mt, -7]] ]
    - [ g_tbar_t: [[g, 3, +1, -p3-p4, 0, 4], [tbar, 3, -1, -k1+p3, mt, 8], [t, 3, -1, k1+p4, mt, 9]] ]
  symmetry_factor: 1
  num_legs_in: 5
  num_legs_out: 0
  num_loops: 1
  num_propagators: 5
  num_vertices: 5

---
diagram:
  name: 27
  external_legs:
    - [ [-1, 1], in-qUbar: [[qUbar, 1, -1, p1, 0, -1]] ]
    - [ [-2, 2], in-qD: [[qD, 1, -1, p2, 0, -3]] ]
    - [ [-3, 3], in-tbar: [[tbar, 1, -1, p3, mt, -5]] ]
    - [ [-4, 4], in-t: [[t, 1, -1, p4, mt, -7]] ]
    - [ [-5, 1], in-W: [[W, 1, +1, p5, mw, -9]] ]
  propagators:
    - [ [2, 1], qD_qDbar: [[qD, 3, -1, -p1-p5, 0, 1], [qDbar, 3, -1, p1+p5, 0, 2]] ]
    - [ [5, 2], g_g: [[g, 3, +1, p3+p4, 0, 3], [g, 3, +1, -p3-p4, 0, 4]] ]
    - [ [4, 3], t_tbar: [[t, 3, -1, -k1, mt, 5], [tbar, 3, -1, k1, mt, 6]] ]
    - [ [5, 3], g_g: [[g, 3, +1, k1-p3, 0, 7], [g, 3, +1, -k1+p3, 0, 8]] ]
    - [ [5, 4], g_g: [[g, 3, +1, -k1-p4, 0, 9], [g, 3, +1, k1+p4, 0, 10]] ]
  vertices:
    - [ W_qUbar_qD: [[W, 1, +1, p5, mw, -9], [qUbar, 1, -1, p1, 0, -1], [qD, 3, -1, -p1-p5, 0, 1]] ]
    - [ g_qDbar_qD: [[g, 3, +1, p3+p4, 0, 3], [qDbar, 3, -1, p1+p5, 0, 2], [qD, 1, -1, p2, 0, -3]] ]
    - [ g_tbar_t: [[g, 3, +1, k1-p3, 0, 7], [tbar, 1, -1, p3, mt, -5], [t, 3, -1, -k1, mt, 5]] ]
    - [ g_tbar_t: [[g, 3, +1, -k1-p4, 0, 9], [tbar, 3, -1, k1, mt, 6], [t, 1, -1, p4, mt, -7]] ]
    - [ g_g_g: [[g, 3, +1, -p3-p4, 0, 4], [g, 3, +1, -k1+p3, 0, 8], [g, 3, +1, k1+p4, 0, 10]] ]
  symmetry_factor: 1
  num_legs_in: 5
  num_legs_out: 0
  num_loops: 1
  num_propagators: 5
  num_vertices: 5

---
diagram:
  name: 28
  external_legs:
    - [ [-1, 2], in-qUbar: [[qUbar, 1, -1, p1, 0, -1]] ]
    - [ [-2, 1], in-qD: [[qD, 1, -1, p2, 0, -3]] ]
    - [ [-3, 3], in-tbar: [[tbar, 1, -1, p3, mt, -5]] ]
    - [ [-4, 4], in-t: [[t, 1, -1, p4, mt, -7]] ]
    - [ [-5, 1], in-W: [[W, 1, +1, p5, mw, -9]] ]
  propagators:
    - [ [1, 2], qU_qUbar: [[qU, 3, -1, p2+p5, 0, 1], [qUbar, 3, -1, -p2-p5, 0, 2]] ]
    - [ [5, 2], g_g: [[g, 3, +1, p3+p4, 0, 3], [g, 3, +1, -p3-p4, 0, 4]] ]
    - [ [4, 3], g_g: [[g, 3, +1, -k1, 0, 5], [g, 3, +1, k1, 0, 6]] ]
    - [ [5, 3], t_tbar: [[t, 3, -1, k1-p3, mt, 7], [tbar, 3, -1, -k1+p3, mt, 8]] ]
    - [ [4, 5], t_tbar: [[t, 3, -1, k1+p4, mt, 9], [tbar, 3, -1, -k1-p4, mt, 10]] ]
  vertices:
    - [ W_qUbar_qD: [[W, 1, +1, p5, mw, -9], [qUbar, 3, -1, -p2-p5, 0, 2], [qD, 1, -1, p2, 0, -3]] ]
    - [ g_qUbar_qU: [[g, 3, +1, p3+p4, 0, 3], [qUbar, 1, -1, p1, 0, -1], [qU, 3, -1, p2+p5, 0, 1]] ]
    - [ g_tbar_t: [[g, 3, +1, -k1, 0, 5], [tbar, 1, -1, p3, mt, -5], [t, 3, -1, k1-p3, mt, 7]] ]
    - [ g_tbar_t: [[g, 3, +1, k1, 0, 6], [tbar, 3, -1, -k1-p4, mt, 10], [t, 1, -1, p4, mt, -7]] ]
    - [ g_tbar_t: [[g, 3, +1, -p3-p4, 0, 4], [tbar, 3, -1, -k1+p3, mt, 8], [t, 3, -1, k1+p4, mt, 9]] ]
  symmetry_factor: 1
  num_legs_in: 5
  num_legs_out: 0
  num_loops: 1
  num_propagators: 5
  num_vertices: 5

---
diagram:
  name: 29
  external_legs:
    - [ [-1, 2], in-qUbar: [[qUbar, 1, -1, p1, 0, -1]] ]
    - [ [-2, 1], in-qD: [[qD, 1, -1, p2, 0, -3]] ]
    - [ [-3, 3], in-tbar: [[tbar, 1, -1, p3, mt, -5]] ]
    - [ [-4, 4], in-t: [[t, 1, -1, p4, mt, -7]] ]
    - [ [-5, 1], in-W: [[W, 1, +1, p5, mw, -9]] ]
  propagators:
    - [ [1, 2], qU_qUbar: [[qU, 3, -1, p2+p5, 0, 1], [qUbar, 3, -1, -p2-p5, 0, 2]] ]
    - [ [5, 2], g_g: [[g, 3, +1, p3+p4, 0, 3], [g, 3, +1, -p3-p4, 0, 4]] ]
    - [ [4, 3], t_tbar: [[t, 3, -1, -k1, mt, 5], [tbar, 3, -1, k1, mt, 6]] ]
    - [ [5, 3], g_g: [[g, 3, +1, k1-p3, 0, 7], [g, 3, +1, -k1+p3, 0, 8]] ]
    - [ [5, 4], g_g: [[g, 3, +1, -k1-p4, 0, 9], [g, 3, +1, k1+p4, 0, 10]] ]
  vertices:
    - [ W_qUbar_qD: [[W, 1, +1, p5, mw, -9], [qUbar, 3, -1, -p2-p5, 0, 2], [qD, 1, -1, p2, 0, -3]] ]
    - [ g_qUbar_qU: [[g, 3, +1, p3+p4, 0, 3], [qUbar, 1, -1, p1, 0, -1], [qU, 3, -1, p2+p5, 0, 1]] ]
    - [ g_tbar_t: [[g, 3, +1, k1-p3, 0, 7], [tbar, 1, -1, p3, mt, -5], [t, 3, -1, -k1, mt, 5]] ]
    - [ g_tbar_t: [[g, 3, +1, -k1-p4, 0, 9], [tbar, 3, -1, k1, mt, 6], [t, 1, -1, p4, mt, -7]] ]
    - [ g_g_g: [[g, 3, +1, -p3-p4, 0, 4], [g, 3, +1, -k1+p3, 0, 8], [g, 3, +1, k1+p4, 0, 10]] ]
  symmetry_factor: 1
  num_legs_in: 5
  num_legs_out: 0
  num_loops: 1
  num_propagators: 5
  num_vertices: 5

---
diagram:
  name: 30
  external_legs:
    - [ [-1, 2], in-qUbar: [[qUbar, 1, -1, p1, 0, -1]] ]
    - [ [-2, 3], in-qD: [[qD, 1, -1, p2, 0, -3]] ]
    - [ [-3, 1], in-tbar: [[tbar, 1, -1, p3, mt, -5]] ]
    - [ [-4, 1], in-t: [[t, 1, -1, p4, mt, -7]] ]
    - [ [-5, 4], in-W: [[W, 1, +1, p5, mw, -9]] ]
  propagators:
    - [ [2, 1], g_g: [[g, 3, +1, -p3-p4, 0, 1], [g, 3, +1, p3+p4, 0, 2]] ]
    - [ [5, 2], qU_qUbar: [[qU, 3, -1, p2+p5, 0, 3], [qUbar, 3, -1, -p2-p5, 0, 4]] ]
    - [ [3, 4], qD_qDbar: [[qD, 3, -1, k1, 0, 5], [qDbar, 3, -1, -k1, 0, 6]] ]
    - [ [5, 3], g_g: [[g, 3, +1, k1-p2, 0, 7], [g, 3, +1, -k1+p2, 0, 8]] ]
    - [ [4, 5], qU_qUbar: [[qU, 3, -1, k1+p5, 0, 9], [qUbar, 3, -1, -k1-p5, 0, 10]] ]
  vertices:
    - [ g_tbar_t: [[g, 3, +1, -p3-p4, 0, 1], [tbar, 1, -1, p3, mt, -5], [t, 1, -1, p4, mt, -7]] ]
    - [ g_qUbar_qU: [[g, 3, +1, p3+p4, 0, 2], [qUbar, 1, -1, p1, 0, -1], [qU, 3, -1, p2+p5, 0, 3]] ]
    - [ g_qDbar_qD: [[g, 3, +1, k1-p2, 0, 7], [qDbar, 3, -1, -k1, 0, 6], [qD, 1, -1, p2, 0, -3]] ]
    - [ W_qUbar_qD: [[W, 1, +1, p5, mw, -9], [qUbar, 3, -1, -k1-p5, 0, 10], [qD, 3, -1, k1, 0, 5]] ]
    - [ g_qUbar_qU: [[g, 3, +1, -k1+p2, 0, 8], [qUbar, 3, -1, -p2-p5, 0, 4], [qU, 3, -1, k1+p5, 0, 9]] ]
  symmetry_factor: 1
  num_legs_in: 5
  num_legs_out: 0
  num_loops: 1
  num_propagators: 5
  num_vertices: 5

---
diagram:
  name: 31
  external_legs:
    - [ [-1, 3], in-qUbar: [[qUbar, 1, -1, p1, 0, -1]] ]
    - [ [-2, 2], in-qD: [[qD, 1, -1, p2, 0, -3]] ]
    - [ [-3, 1], in-tbar: [[tbar, 1, -1, p3, mt, -5]] ]
    - [ [-4, 1], in-t: [[t, 1, -1, p4, mt, -7]] ]
    - [ [-5, 4], in-W: [[W, 1, +1, p5, mw, -9]] ]
  propagators:
    - [ [2, 1], g_g: [[g, 3, +1, -p3-p4, 0, 1], [g, 3, +1, p3+p4, 0, 2]] ]
    - [ [2, 5], qD_qDbar: [[qD, 3, -1, -p1-p5, 0, 3], [qDbar, 3, -1, p1+p5, 0, 4]] ]
    - [ [4, 3], qU_qUbar: [[qU, 3, -1, -k1, 0, 5], [qUbar, 3, -1, k1, 0, 6]] ]
    - [ [5, 3], g_g: [[g, 3, +1, k1-p1, 0, 7], [g, 3, +1, -k1+p1, 0, 8]] ]
    - [ [5, 4], qD_qDbar: [[qD, 3, -1, -k1-p5, 0, 9], [qDbar, 3, -1, k1+p5, 0, 10]] ]
  vertices:
    - [ g_tbar_t: [[g, 3, +1, -p3-p4, 0, 1], [tbar, 1, -1, p3, mt, -5], [t, 1, -1, p4, mt, -7]] ]
    - [ g_qDbar_qD: [[g, 3, +1, p3+p4, 0, 2], [qDbar, 3, -1, p1+p5, 0, 4], [qD, 1, -1, p2, 0, -3]] ]
    - [ g_qUbar_qU: [[g, 3, +1, k1-p1, 0, 7], [qUbar, 1, -1, p1, 0, -1], [qU, 3, -1, -k1, 0, 5]] ]
    - [ W_qUbar_qD: [[W, 1, +1, p5, mw, -9], [qUbar, 3, -1, k1, 0, 6], [qD, 3, -1, -k1-p5, 0, 9]] ]
    - [ g_qDbar_qD: [[g, 3, +1, -k1+p1, 0, 8], [qDbar, 3, -1, k1+p5, 0, 10], [qD, 3, -1, -p1-p5, 0, 3]] ]
  symmetry_factor: 1
  num_legs_in: 5
  num_legs_out: 0
  num_loops: 1
  num_propagators: 5
  num_vertices: 5

---
diagram:
  name: 32
  external_legs:
    - [ [-1, 1], in-qUbar: [[qUbar, 1, -1, p1, 0, -1]] ]
    - [ [-2, 5], in-qD: [[qD, 1, -1, p2, 0, -3]] ]
    - [ [-3, 2], in-tbar: [[tbar, 1, -1, p3, mt, -5]] ]
    - [ [-4, 4], in-t: [[t, 1, -1, p4, mt, -7]] ]
    - [ [-5, 3], in-W: [[W, 1, +1, p5, mw, -9]] ]
  propagators:
    - [ [2, 1], g_g: [[g, 3, +1, -k1, 0, 1], [g, 3, +1, k1, 0, 2]] ]
    - [ [3, 1], qU_qUbar: [[qU, 3, -1, k1-p1, 0, 3], [qUbar, 3, -1, -k1+p1, 0, 4]] ]
    - [ [4, 2], t_tbar: [[t, 3, -1, -k1-p3, mt, 5], [tbar, 3, -1, k1+p3, mt, 6]] ]
    - [ [5, 3], qD_qDbar: [[qD, 3, -1, k1-p1-p5, 0, 7], [qDbar, 3, -1, -k1+p1+p5, 0, 8]] ]
    - [ [5, 4], g_g: [[g, 3, +1, -k1-p3-p4, 0, 9], [g, 3, +1, k1+p3+p4, 0, 10]] ]
  vertices:
    - [ g_qUbar_qU: [[g, 3, +1, -k1, 0, 1], [qUbar, 1, -1, p1, 0, -1], [qU, 3, -1, k1-p1, 0, 3]] ]
    - [ g_tbar_t: [[g, 3, +1, k1, 0, 2], [tbar, 1, -1, p3, mt, -5], [t, 3, -1, -k1-p3, mt, 5]] ]
    - [ W_qUbar_qD: [[W, 1, +1, p5, mw, -9], [qUbar, 3, -1, -k1+p1, 0, 4], [qD, 3, -1, k1-p1-p5, 0, 7]] ]
    - [ g_tbar_t: [[g, 3, +1, -k1-p3-p4, 0, 9], [tbar, 3, -1, k1+p3, mt, 6], [t, 1, -1, p4, mt, -7]] ]
    - [ g_qDbar_qD: [[g, 3, +1, k1+p3+p4, 0, 10], [qDbar, 3, -1, -k1+p1+p5, 0, 8], [qD, 1, -1, p2, 0, -3]] ]
  symmetry_factor: 1
  num_legs_in: 5
  num_legs_out: 0
  num_loops: 1
  num_propagators: 5
  num_vertices: 5

---
diagram:
  name: 33
  external_legs:
    - [ [-1, 1], in-qUbar: [[qUbar, 1, -1, p1, 0, -1]] ]
    - [ [-2, 5], in-qD: [[qD, 1, -1, p2, 0, -3]] ]
    - [ [-3, 4], in-tbar: [[tbar, 1, -1, p3, mt, -5]] ]
    - [ [-4, 2], in-t: [[t, 1, -1, p4, mt, -7]] ]
    - [ [-5, 3], in-W: [[W, 1, +1, p5, mw, -9]] ]
  propagators:
    - [ [2, 1], g_g: [[g, 3, +1, -k1, 0, 1], [g, 3, +1, k1, 0, 2]] ]
    - [ [3, 1], qU_qUbar: [[qU, 3, -1, k1-p1, 0, 3], [qUbar, 3, -1, -k1+p1, 0, 4]] ]
    - [ [2, 4], t_tbar: [[t, 3, -1, k1+p4, mt, 5], [tbar, 3, -1, -k1-p4, mt, 6]] ]
    - [ [5, 3], qD_qDbar: [[qD, 3, -1, k1-p1-p5, 0, 7], [qDbar, 3, -1, -k1+p1+p5, 0, 8]] ]
    - [ [5, 4], g_g: [[g, 3, +1, -k1-p3-p4, 0, 9], [g, 3, +1, k1+p3+p4, 0, 10]] ]
  vertices:
    - [ g_qUbar_qU: [[g, 3, +1, -k1, 0, 1], [qUbar, 1, -1, p1, 0, -1], [qU, 3, -1, k1-p1, 0, 3]] ]
    - [ g_tbar_t: [[g, 3, +1, k1, 0, 2], [tbar, 3, -1, -k1-p4, mt, 6], [t, 1, -1, p4, mt, -7]] ]
    - [ W_qUbar_qD: [[W, 1, +1, p5, mw, -9], [qUbar, 3, -1, -k1+p1, 0, 4], [qD, 3, -1, k1-p1-p5, 0, 7]] ]
    - [ g_tbar_t: [[g, 3, +1, -k1-p3-p4, 0, 9], [tbar, 1, -1, p3, mt, -5], [t, 3, -1, k1+p4, mt, 5]] ]
    - [ g_qDbar_qD: [[g, 3, +1, k1+p3+p4, 0, 10], [qDbar, 3, -1, -k1+p1+p5, 0, 8], [qD, 1, -1, p2, 0, -3]] ]
  symmetry_factor: 1
  num_legs_in: 5
  num_legs_out: 0
  num_loops: 1
  num_propagators: 5
  num_vertices: 5

