
Date: Mon Feb 27 14:57:13 2023

Setting up job queue from jobs_1_sectormappings.yaml
Updating job queue dependencies
Processing jobs in serial mode (only one MPI process)
Inserted new job in queue: job(1): setup sector mappings
Updating job queue dependencies
Loading uncrossed integral families from file ./config/integralfamilies.yaml
Initialize integral family 'PL1'
Loaded integral family PL1
Initialize integral family 'PL2'
Loaded integral family PL2
Initialize integral family 'PL3'
Loaded integral family PL3
Initialize integral family 'PL4'
Loaded integral family PL4
Loaded 4 (uncrossed) integral families
Done loading uncrossed integral families
Created auxiliary job setup_crossings
Created auxiliary job verify_permutation_symmetries for family: PL1
Created auxiliary job verify_permutation_symmetries for family: PL2
Created auxiliary job verify_permutation_symmetries for family: PL3
Created auxiliary job verify_permutation_symmetries for family: PL4
Inserted new job in queue: job(2): verify permutation symmetries of family 'PL4'
Inserted new job in queue: job(3): verify permutation symmetries of family 'PL3'
Inserted new job in queue: job(4): verify permutation symmetries of family 'PL2'
Inserted new job in queue: job(5): verify permutation symmetries of family 'PL1'
Inserted new job in queue: job(6): setup crossings
Updated job queue:
  [p] job(6): setup crossings  [dep: ]
  [p] job(5): verify permutation symmetries of family 'PL1'  [dep: 6]
  [p] job(4): verify permutation symmetries of family 'PL2'  [dep: 6]
  [p] job(3): verify permutation symmetries of family 'PL3'  [dep: 6]
  [p] job(2): verify permutation symmetries of family 'PL4'  [dep: 6]
  [p] job(1): setup sector mappings  [dep: 2,3,4,5,6]


Date: Mon Feb 27 14:57:13 2023

Run ID: 0eb76085

Starting job(6): setup crossings
Completed Job(6) [Time: 0s, CPU: 0s]
Updating job queue dependencies

Date: Mon Feb 27 14:57:13 2023

Run ID: 0eb76085

Starting job(5): verify permutation symmetries of family 'PL1'
Completed Job(5) [Time: 0s, CPU: 0s]
Updating job queue dependencies

Date: Mon Feb 27 14:57:13 2023

Run ID: 0eb76085

Starting job(4): verify permutation symmetries of family 'PL2'
Completed Job(4) [Time: 0s, CPU: 0s]
Updating job queue dependencies

Date: Mon Feb 27 14:57:13 2023

Run ID: 0eb76085

Starting job(3): verify permutation symmetries of family 'PL3'
Completed Job(3) [Time: 0s, CPU: 0s]
Updating job queue dependencies

Date: Mon Feb 27 14:57:13 2023

Run ID: 0eb76085

Starting job(2): verify permutation symmetries of family 'PL4'
Completed Job(2) [Time: 0s, CPU: 0s]
Updating job queue dependencies

Date: Mon Feb 27 14:57:13 2023

Run ID: 0eb76085

Starting job(1): setup sector mappings
Completed Job(1) [Time: 0s, CPU: 0s]
Updating job queue dependencies
Completed jobs in jobqueue

Completed all jobs
Total run time: 1 s
Killing Fermat
