
Date: Tue Feb 28 14:30:39 2023


conditional: false
qgraf_file: /scratch/ge84fet/Wtt/1loopAmplitude/output_1loop_reduce
output_file: my_tmp/shifts
info_file_form: my_results/shifts.inc
names:
  []
minimize_graphs_by_twists: true
amputate_external_legs: false
join_external_legs: false
kinematics: ""

Read diagrams from file '/scratch/ge84fet/Wtt/1loopAmplitude/output_1loop_reduce'
Reading diagrams from file: /scratch/ge84fet/Wtt/1loopAmplitude/output_1loop_reduce
rename negative field indices
Loaded diagram 1
rename negative field indices
Loaded diagram 2
rename negative field indices
Loaded diagram 3
rename negative field indices
Loaded diagram 4
rename negative field indices
Loaded diagram 5
rename negative field indices
Loaded diagram 6
rename negative field indices
Loaded diagram 7
rename negative field indices
Loaded diagram 8
rename negative field indices
Loaded diagram 9
rename negative field indices
Loaded diagram 10
rename negative field indices
Loaded diagram 11
rename negative field indices
Loaded diagram 12
rename negative field indices
Loaded diagram 13
rename negative field indices
Loaded diagram 14
rename negative field indices
Loaded diagram 15
rename negative field indices
Loaded diagram 16
rename negative field indices
Loaded diagram 17
rename negative field indices
Loaded diagram 18
rename negative field indices
Loaded diagram 19
rename negative field indices
Loaded diagram 20
rename negative field indices
Loaded diagram 21
rename negative field indices
Loaded diagram 22
rename negative field indices
Loaded diagram 23
rename negative field indices
Loaded diagram 24
rename negative field indices
Loaded diagram 25
rename negative field indices
Loaded diagram 26
rename negative field indices
Loaded diagram 27
rename negative field indices
Loaded diagram 28
rename negative field indices
Loaded diagram 29
rename negative field indices
Loaded diagram 30
rename negative field indices
Loaded diagram 31
Diagrams loaded. Time: 0.0251538s
  preparing graphs:
  ..................................................  **************************************************
Loaded 31 diagrams.
Finding sectors and their graphs to match with diagrams:
read key 'sectormappings' in file './sectormappings/sectormappings_PL1.yaml'
Found valid sector mappings for PL1
Finding graphs of shift target sectors from integral family PL1:
Finding shift targets (with graph and canonical label):
  finding graphs: (twists on / construct minimal off)
  ..................................................  **************************************************
read key 'sectormappings' in file './sectormappings/sectormappings_PL2.yaml'
Found valid sector mappings for PL2
Finding graphs of shift target sectors from integral family PL2:
Finding shift targets (with graph and canonical label):
  finding graphs: (twists on / construct minimal off)
  ..................................................  **************************************************
read key 'sectormappings' in file './sectormappings/sectormappings_PL3.yaml'
Found valid sector mappings for PL3
Finding graphs of shift target sectors from integral family PL3:
Finding shift targets (with graph and canonical label):
  finding graphs: (twists on / construct minimal off)
  ..................................................  **************************************************
read key 'sectormappings' in file './sectormappings/sectormappings_PL4.yaml'
Found valid sector mappings for PL4
Finding graphs of shift target sectors from integral family PL4:
Finding shift targets (with graph and canonical label):
  finding graphs: (twists on / construct minimal off)
  ..................................................  **************************************************

Matching diagrams:
Analyzing diagram 07

x  => matched diagram 07 to sector (PL1:2:10)
     via shift: {k1==-p1-k1}

Analyzing diagram 08
n  no match for diagram 08

Analyzing diagram 09
x  => matched diagram 09 to sector (PL1:2:10)
     via shift: {k1==-p1-k1}

Analyzing diagram 10
x  => matched diagram 10 to sector (PL1:2:10)
     via shift: {k1==-p1-k1}

Analyzing diagram 11
x  => matched diagram 11 to sector (PL1:2:10)
     via shift: {k1==-p1-k1}

Analyzing diagram 12
n  no match for diagram 12

Analyzing diagram 13
x  => matched diagram 13 to sector (PL1:2:10)
     via shift: {k1==-p1-k1}

Analyzing diagram 14
x  => matched diagram 14 to sector (PL1:2:10)
     via shift: {k1==-p1-k1}

Analyzing diagram 15
x  => matched diagram 15 to sector (PL1x12:2:9)
     via shift: {k1==k1}

Analyzing diagram 16
x  => matched diagram 16 to sector (PL1:2:9)
     via shift: {k1==k1}

Analyzing diagram 01
n  no match for diagram 01

Analyzing diagram 02
n  no match for diagram 02

Analyzing diagram 03
x  => matched diagram 03 to sector (PL1x12:3:11)
     via shift: {k1==-k1}

Analyzing diagram 04
x  => matched diagram 04 to sector (PL1x12:3:11)
     via shift: {k1==-k1}

Analyzing diagram 05
x  => matched diagram 05 to sector (PL1:3:11)
     via shift: {k1==-k1}

Analyzing diagram 06
x  => matched diagram 06 to sector (PL1:3:11)
     via shift: {k1==-k1}

Analyzing diagram 24
x  => matched diagram 24 to sector (PL1:3:14)
     via shift: {k1==p1+p3+k1}

Analyzing diagram 25
n  no match for diagram 25

Analyzing diagram 26
x  => matched diagram 26 to sector (PL1:3:14)
     via shift: {k1==p1+p3+k1}

Analyzing diagram 27
n  no match for diagram 27

Analyzing diagram 28
x  => matched diagram 28 to sector (PL1x12:3:19)
     via shift: {k1==-k1}

Analyzing diagram 29
x  => matched diagram 29 to sector (PL1:3:19)
     via shift: {k1==-k1}

Analyzing diagram 17
x  => matched diagram 17 to sector (PL1x12:4:15)
     via shift: {k1==-p2-k1}

Analyzing diagram 18
x  => matched diagram 18 to sector (PL1x12x34:4:15)
     via shift: {k1==-p2-k1}

Analyzing diagram 19
x  => matched diagram 19 to sector (PL1:4:15)
     via shift: {k1==-p1-k1}

Analyzing diagram 20
x  => matched diagram 20 to sector (PL1x34:4:15)
     via shift: {k1==-p1-k1}

Analyzing diagram 21
n  no match for diagram 21

Analyzing diagram 22
n  no match for diagram 22

Analyzing diagram 23
x  => matched diagram 23 to sector (PL1:4:27)
     via shift: {k1==k1}

Analyzing diagram 30
x  => matched diagram 30 to sector (PL1:5:31)
     via shift: {k1==p1+k1}

Analyzing diagram 31
x  => matched diagram 31 to sector (PL1x12:5:31)
     via shift: {k1==-p2-p4-p3-k1}

Finalizing output file my_tmp/shifts

Unmatched diagrams: 8
  08 (8)
  12 (12)
  01 (1)
  02 (2)
  25 (25)
  27 (27)
  21 (21)
  22 (22)

Matched diagrams: 23

Sectors: 15
family PL1:
t = 2: 9 
family PL1x12:
t = 2: 9 
family PL1:
t = 2: 10 
t = 3: 11 
family PL1x12:
t = 3: 11 
family PL1:
t = 3: 14 19 
family PL1x12:
t = 3: 19 
family PL1:
t = 4: 15 
family PL1x12:
t = 4: 15 
family PL1x12x34:
t = 4: 15 
family PL1x34:
t = 4: 15 
family PL1:
t = 4: 27 
t = 5: 31 
family PL1x12:
t = 5: 31 
Determining compact recursive sector selection

This selection of sectors should be reduced for the matched diagrams:
-
  -
    - sector_selection:
        select_all: false
        select:
          []
        select_recursively:
          - [PL1, 31]
        deselect:
          []
        deselect_recursively:
          []
        deselect_independents:
          []
        deselect_graphless: false
        deselect_graphs: false
        t_restriction: [-1, -1]

Job done (total time: 0 s)
